2025-01-17 18:20:00,127 - INFO - Column names: Index(['N', 'P', 'K', 'temperature', 'humidity', 'ph', 'rainfall', 'label'], dtype='object')
2025-01-17 18:20:00,129 - INFO - Unique values in 'label' column: ['rice' 'maize' 'chickpea' 'kidneybeans' 'pigeonpeas' 'mothbeans'
 'mungbean' 'blackgram' 'lentil' 'pomegranate' 'banana' 'mango' 'grapes'
 'watermelon' 'muskmelon' 'apple' 'orange' 'papaya' 'coconut' 'cotton'
 'jute' 'coffee']
2025-01-17 18:20:00,618 - INFO - LR Model Performance:
2025-01-17 18:20:00,619 - INFO - Confusion Matrix:
[[24  0  0  0  0  0  0  0  0  0  0  0  0  0  0  0  0  0  0  0]
 [ 0 15  0  0  0  0  0  0  2  0  0  0  0  0  0  0  0  0  0  0]
 [ 0  0 17  0  0  0  0  0  0  0  0  0  0  0  0  0  0  0  0  0]
 [ 0  0  0 16  0  0  0  0  0  0  0  0  0  0  0  0  0  0  0  0]
 [ 0  0  0  0 18  0  0  0  0  0  0  0  0  0  0  0  0  0  0  0]
 [ 0  0  0  0  0 15  0  0  0  1  0  0  0  0  0  0  0  0  0  0]
 [ 0  0  0  0  1  0 17  0  0  0  0  0  0  0  0  0  0  0  0  0]
 [ 0  0  0  0  0  0  0 19  0  0  0  0  0  0  0  0  1  0  0  0]
 [ 0  1  0  0  0  0  0  0 13  0  0  2  0  0  0  0  0  0  0  0]
 [ 0  1  0  0  0  0  0  0  0 20  0  0  0  0  0  0  0  0  0  0]
 [ 0  0  0  0  0  0  0  0  0  0 24  0  0  0  0  0  0  0  0  0]
 [ 0  0  0  0  0  0  0  0  0  1  0 12  0  0  0  0  0  0  0  0]
 [ 0  0  0  0  0  0  0  0  0  0  0  0 25  0  0  0  0  0  0  0]
 [ 0  0  0  0  0  0  0  0  0  0  0  0  0 21  0  0  0  0  0  0]
 [ 0  0  0  0  0  0  0  0  0  0  0  0  0  0 23  0  0  0  0  0]
 [ 0  0  0  0  0  0  0  0  0  0  0  0  0  0  0 12  0  0  0  0]
 [ 0  0  0  0  0  0  0  1  0  0  0  0  0  0  0  0 13  0  0  0]
 [ 0  0  0  0  0  0  0  0  0  0  0  0  0  0  0  0  0 16  0  0]
 [ 0  0  0  0  0  0  4  0  0  0  0  0  0  0  0  0  0  0 17  0]
 [ 0  0  0  0  0  0  0  0  0  0  0  0  0  0  0  0  0  0  0 18]]
2025-01-17 18:20:00,629 - INFO - Classification Report:
              precision    recall  f1-score   support

      banana       1.00      1.00      1.00        24
   blackgram       0.88      0.88      0.88        17
    chickpea       1.00      1.00      1.00        17
     coconut       1.00      1.00      1.00        16
      coffee       0.95      1.00      0.97        18
      cotton       1.00      0.94      0.97        16
        jute       0.81      0.94      0.87        18
 kidneybeans       0.95      0.95      0.95        20
      lentil       0.87      0.81      0.84        16
       maize       0.91      0.95      0.93        21
       mango       1.00      1.00      1.00        24
   mothbeans       0.86      0.92      0.89        13
    mungbean       1.00      1.00      1.00        25
   muskmelon       1.00      1.00      1.00        21
      orange       1.00      1.00      1.00        23
      papaya       1.00      1.00      1.00        12
  pigeonpeas       0.93      0.93      0.93        14
 pomegranate       1.00      1.00      1.00        16
        rice       1.00      0.81      0.89        21
  watermelon       1.00      1.00      1.00        18

    accuracy                           0.96       370
   macro avg       0.96      0.96      0.96       370
weighted avg       0.96      0.96      0.96       370

2025-01-17 18:20:00,759 - INFO - LDA Model Performance:
2025-01-17 18:20:00,760 - INFO - Confusion Matrix:
[[24  0  0  0  0  0  0  0  0  0  0  0  0  0  0  0  0  0  0  0]
 [ 0 16  0  0  0  0  0  0  1  0  0  0  0  0  0  0  0  0  0  0]
 [ 0  0 17  0  0  0  0  0  0  0  0  0  0  0  0  0  0  0  0  0]
 [ 0  0  0 16  0  0  0  0  0  0  0  0  0  0  0  0  0  0  0  0]
 [ 0  0  0  0 18  0  0  0  0  0  0  0  0  0  0  0  0  0  0  0]
 [ 0  0  0  0  0 16  0  0  0  0  0  0  0  0  0  0  0  0  0  0]
 [ 0  0  0  0  0  0 17  0  0  0  0  0  0  0  0  0  0  0  1  0]
 [ 0  0  0  0  0  0  0 20  0  0  0  0  0  0  0  0  0  0  0  0]
 [ 0  2  0  0  0  0  0  0 13  0  0  1  0  0  0  0  0  0  0  0]
 [ 0  0  0  0  0  0  0  0  0 21  0  0  0  0  0  0  0  0  0  0]
 [ 0  0  0  0  0  0  0  0  0  0 24  0  0  0  0  0  0  0  0  0]
 [ 0  1  0  0  0  0  0  0  0  0  0 12  0  0  0  0  0  0  0  0]
 [ 0  0  0  0  0  0  0  0  0  0  0  0 25  0  0  0  0  0  0  0]
 [ 0  0  0  0  0  0  0  0  0  0  0  0  0 21  0  0  0  0  0  0]
 [ 0  0  0  0  0  0  0  0  0  0  0  0  0  0 23  0  0  0  0  0]
 [ 0  0  0  0  0  0  0  0  0  0  0  0  0  0  0 12  0  0  0  0]
 [ 0  1  0  0  0  0  0  1  0  0  0  0  0  0  0  0 12  0  0  0]
 [ 0  0  0  0  0  0  0  0  0  0  0  0  0  0  0  0  0 16  0  0]
 [ 0  0  0  0  0  0  4  0  0  0  0  0  0  0  0  0  0  0 17  0]
 [ 0  0  0  0  0  0  0  0  0  0  0  0  0  0  0  0  0  0  0 18]]
2025-01-17 18:20:00,769 - INFO - Classification Report:
              precision    recall  f1-score   support

      banana       1.00      1.00      1.00        24
   blackgram       0.80      0.94      0.86        17
    chickpea       1.00      1.00      1.00        17
     coconut       1.00      1.00      1.00        16
      coffee       1.00      1.00      1.00        18
      cotton       1.00      1.00      1.00        16
        jute       0.81      0.94      0.87        18
 kidneybeans       0.95      1.00      0.98        20
      lentil       0.93      0.81      0.87        16
       maize       1.00      1.00      1.00        21
       mango       1.00      1.00      1.00        24
   mothbeans       0.92      0.92      0.92        13
    mungbean       1.00      1.00      1.00        25
   muskmelon       1.00      1.00      1.00        21
      orange       1.00      1.00      1.00        23
      papaya       1.00      1.00      1.00        12
  pigeonpeas       1.00      0.86      0.92        14
 pomegranate       1.00      1.00      1.00        16
        rice       0.94      0.81      0.87        21
  watermelon       1.00      1.00      1.00        18

    accuracy                           0.97       370
   macro avg       0.97      0.96      0.96       370
weighted avg       0.97      0.97      0.97       370

2025-01-17 18:20:00,979 - INFO - KNN Model Performance:
2025-01-17 18:20:00,981 - INFO - Confusion Matrix:
[[24  0  0  0  0  0  0  0  0  0  0  0  0  0  0  0  0  0  0  0]
 [ 0 16  0  0  0  0  0  0  1  0  0  0  0  0  0  0  0  0  0  0]
 [ 0  0 17  0  0  0  0  0  0  0  0  0  0  0  0  0  0  0  0  0]
 [ 0  0  0 16  0  0  0  0  0  0  0  0  0  0  0  0  0  0  0  0]
 [ 0  0  0  0 18  0  0  0  0  0  0  0  0  0  0  0  0  0  0  0]
 [ 0  0  0  0  0 16  0  0  0  0  0  0  0  0  0  0  0  0  0  0]
 [ 0  0  0  0  0  0 15  0  0  0  0  0  0  0  0  0  0  0  3  0]
 [ 0  0  0  0  0  0  0 20  0  0  0  0  0  0  0  0  0  0  0  0]
 [ 0  2  0  0  0  0  0  0 14  0  0  0  0  0  0  0  0  0  0  0]
 [ 0  0  0  0  0  2  0  0  0 19  0  0  0  0  0  0  0  0  0  0]
 [ 0  0  0  0  0  0  0  0  0  0 24  0  0  0  0  0  0  0  0  0]
 [ 0  0  0  0  0  0  0  0  0  0  0 13  0  0  0  0  0  0  0  0]
 [ 0  0  0  0  0  0  0  0  0  0  0  0 25  0  0  0  0  0  0  0]
 [ 0  0  0  0  0  0  0  0  0  0  0  0  0 21  0  0  0  0  0  0]
 [ 0  0  0  0  0  0  0  0  0  0  0  0  0  0 23  0  0  0  0  0]
 [ 0  0  0  0  0  0  0  0  0  0  0  0  0  0  0 12  0  0  0  0]
 [ 0  0  0  0  0  0  0  1  0  0  0  0  0  0  0  0 13  0  0  0]
 [ 0  0  0  0  0  0  0  0  0  0  0  0  0  0  0  0  0 16  0  0]
 [ 0  0  0  0  0  0  1  0  0  0  0  0  0  0  0  0  0  0 20  0]
 [ 0  0  0  0  0  0  0  0  0  0  0  0  0  0  0  0  0  0  0 18]]
2025-01-17 18:20:00,988 - INFO - Classification Report:
              precision    recall  f1-score   support

      banana       1.00      1.00      1.00        24
   blackgram       0.89      0.94      0.91        17
    chickpea       1.00      1.00      1.00        17
     coconut       1.00      1.00      1.00        16
      coffee       1.00      1.00      1.00        18
      cotton       0.89      1.00      0.94        16
        jute       0.94      0.83      0.88        18
 kidneybeans       0.95      1.00      0.98        20
      lentil       0.93      0.88      0.90        16
       maize       1.00      0.90      0.95        21
       mango       1.00      1.00      1.00        24
   mothbeans       1.00      1.00      1.00        13
    mungbean       1.00      1.00      1.00        25
   muskmelon       1.00      1.00      1.00        21
      orange       1.00      1.00      1.00        23
      papaya       1.00      1.00      1.00        12
  pigeonpeas       1.00      0.93      0.96        14
 pomegranate       1.00      1.00      1.00        16
        rice       0.87      0.95      0.91        21
  watermelon       1.00      1.00      1.00        18

    accuracy                           0.97       370
   macro avg       0.97      0.97      0.97       370
weighted avg       0.97      0.97      0.97       370

2025-01-17 18:20:01,209 - INFO - CART Model Performance:
2025-01-17 18:20:01,210 - INFO - Confusion Matrix:
[[24  0  0  0  0  0  0  0  0  0  0  0  0  0  0  0  0  0  0  0]
 [ 0 17  0  0  0  0  0  0  0  0  0  0  0  0  0  0  0  0  0  0]
 [ 0  0 17  0  0  0  0  0  0  0  0  0  0  0  0  0  0  0  0  0]
 [ 0  0  0 16  0  0  0  0  0  0  0  0  0  0  0  0  0  0  0  0]
 [ 0  0  0  0 18  0  0  0  0  0  0  0  0  0  0  0  0  0  0  0]
 [ 0  0  0  0  0 16  0  0  0  0  0  0  0  0  0  0  0  0  0  0]
 [ 0  0  0  0  0  0 18  0  0  0  0  0  0  0  0  0  0  0  0  0]
 [ 0  0  0  0  0  0  0 20  0  0  0  0  0  0  0  0  0  0  0  0]
 [ 0  0  0  0  0  0  0  0 16  0  0  0  0  0  0  0  0  0  0  0]
 [ 0  0  0  0  0  0  0  0  0 21  0  0  0  0  0  0  0  0  0  0]
 [ 0  0  0  0  0  0  0  0  0  0 24  0  0  0  0  0  0  0  0  0]
 [ 0  0  0  0  0  0  0  0  0  0  0 13  0  0  0  0  0  0  0  0]
 [ 0  0  0  0  0  0  0  0  0  0  0  0 25  0  0  0  0  0  0  0]
 [ 0  0  0  0  0  0  0  0  0  0  0  0  0 21  0  0  0  0  0  0]
 [ 0  0  0  0  0  0  0  0  0  0  0  0  0  0 23  0  0  0  0  0]
 [ 0  0  0  0  0  0  0  0  0  0  0  0  0  0  0 12  0  0  0  0]
 [ 0  0  0  0  0  0  0  0  0  0  0  0  0  0  0  0 14  0  0  0]
 [ 0  0  0  0  0  0  0  0  0  0  0  0  0  0  0  0  0 16  0  0]
 [ 0  0  0  0  0  0  2  0  0  0  0  0  0  0  0  0  0  0 19  0]
 [ 0  0  0  0  0  0  0  0  0  0  0  0  0  0  0  0  0  0  0 18]]
2025-01-17 18:20:01,217 - INFO - Classification Report:
              precision    recall  f1-score   support

      banana       1.00      1.00      1.00        24
   blackgram       1.00      1.00      1.00        17
    chickpea       1.00      1.00      1.00        17
     coconut       1.00      1.00      1.00        16
      coffee       1.00      1.00      1.00        18
      cotton       1.00      1.00      1.00        16
        jute       0.90      1.00      0.95        18
 kidneybeans       1.00      1.00      1.00        20
      lentil       1.00      1.00      1.00        16
       maize       1.00      1.00      1.00        21
       mango       1.00      1.00      1.00        24
   mothbeans       1.00      1.00      1.00        13
    mungbean       1.00      1.00      1.00        25
   muskmelon       1.00      1.00      1.00        21
      orange       1.00      1.00      1.00        23
      papaya       1.00      1.00      1.00        12
  pigeonpeas       1.00      1.00      1.00        14
 pomegranate       1.00      1.00      1.00        16
        rice       1.00      0.90      0.95        21
  watermelon       1.00      1.00      1.00        18

    accuracy                           0.99       370
   macro avg       0.99      1.00      0.99       370
weighted avg       1.00      0.99      0.99       370

2025-01-17 18:20:01,304 - INFO - NB Model Performance:
2025-01-17 18:20:01,305 - INFO - Confusion Matrix:
[[24  0  0  0  0  0  0  0  0  0  0  0  0  0  0  0  0  0  0  0]
 [ 0 17  0  0  0  0  0  0  0  0  0  0  0  0  0  0  0  0  0  0]
 [ 0  0 17  0  0  0  0  0  0  0  0  0  0  0  0  0  0  0  0  0]
 [ 0  0  0 16  0  0  0  0  0  0  0  0  0  0  0  0  0  0  0  0]
 [ 0  0  0  0 18  0  0  0  0  0  0  0  0  0  0  0  0  0  0  0]
 [ 0  0  0  0  0 16  0  0  0  0  0  0  0  0  0  0  0  0  0  0]
 [ 0  0  0  0  0  0 18  0  0  0  0  0  0  0  0  0  0  0  0  0]
 [ 0  0  0  0  0  0  0 20  0  0  0  0  0  0  0  0  0  0  0  0]
 [ 0  0  0  0  0  0  0  0 14  0  0  2  0  0  0  0  0  0  0  0]
 [ 0  0  0  0  0  0  0  0  0 21  0  0  0  0  0  0  0  0  0  0]
 [ 0  0  0  0  0  0  0  0  0  0 24  0  0  0  0  0  0  0  0  0]
 [ 0  0  0  0  0  0  0  0  0  0  0 13  0  0  0  0  0  0  0  0]
 [ 0  0  0  0  0  0  0  0  0  0  0  0 25  0  0  0  0  0  0  0]
 [ 0  0  0  0  0  0  0  0  0  0  0  0  0 21  0  0  0  0  0  0]
 [ 0  0  0  0  0  0  0  0  0  0  0  0  0  0 23  0  0  0  0  0]
 [ 0  0  0  0  0  0  0  0  0  0  0  0  0  0  0 12  0  0  0  0]
 [ 0  0  0  0  0  0  0  0  0  0  0  0  0  0  0  0 14  0  0  0]
 [ 0  0  0  0  0  0  0  0  0  0  0  0  0  0  0  0  0 16  0  0]
 [ 0  0  0  0  0  0  2  0  0  0  0  0  0  0  0  0  0  0 19  0]
 [ 0  0  0  0  0  0  0  0  0  0  0  0  0  0  0  0  0  0  0 18]]
2025-01-17 18:20:01,312 - INFO - Classification Report:
              precision    recall  f1-score   support

      banana       1.00      1.00      1.00        24
   blackgram       1.00      1.00      1.00        17
    chickpea       1.00      1.00      1.00        17
     coconut       1.00      1.00      1.00        16
      coffee       1.00      1.00      1.00        18
      cotton       1.00      1.00      1.00        16
        jute       0.90      1.00      0.95        18
 kidneybeans       1.00      1.00      1.00        20
      lentil       1.00      0.88      0.93        16
       maize       1.00      1.00      1.00        21
       mango       1.00      1.00      1.00        24
   mothbeans       0.87      1.00      0.93        13
    mungbean       1.00      1.00      1.00        25
   muskmelon       1.00      1.00      1.00        21
      orange       1.00      1.00      1.00        23
      papaya       1.00      1.00      1.00        12
  pigeonpeas       1.00      1.00      1.00        14
 pomegranate       1.00      1.00      1.00        16
        rice       1.00      0.90      0.95        21
  watermelon       1.00      1.00      1.00        18

    accuracy                           0.99       370
   macro avg       0.99      0.99      0.99       370
weighted avg       0.99      0.99      0.99       370

2025-01-17 18:20:03,849 - INFO - SVM Model Performance:
2025-01-17 18:20:03,849 - INFO - Confusion Matrix:
[[24  0  0  0  0  0  0  0  0  0  0  0  0  0  0  0  0  0  0  0]
 [ 0 16  0  0  0  0  0  0  1  0  0  0  0  0  0  0  0  0  0  0]
 [ 0  0 17  0  0  0  0  0  0  0  0  0  0  0  0  0  0  0  0  0]
 [ 0  0  0 16  0  0  0  0  0  0  0  0  0  0  0  0  0  0  0  0]
 [ 0  0  0  0 18  0  0  0  0  0  0  0  0  0  0  0  0  0  0  0]
 [ 0  0  0  0  0 16  0  0  0  0  0  0  0  0  0  0  0  0  0  0]
 [ 0  0  0  0  0  0 18  0  0  0  0  0  0  0  0  0  0  0  0  0]
 [ 0  0  0  0  0  0  0 20  0  0  0  0  0  0  0  0  0  0  0  0]
 [ 0  1  0  0  0  0  0  0 14  0  0  1  0  0  0  0  0  0  0  0]
 [ 0  0  0  0  0  0  0  0  0 21  0  0  0  0  0  0  0  0  0  0]
 [ 0  0  0  0  0  0  0  0  0  0 24  0  0  0  0  0  0  0  0  0]
 [ 0  0  0  0  0  0  0  0  0  0  0 13  0  0  0  0  0  0  0  0]
 [ 0  0  0  0  0  0  0  0  0  0  0  0 25  0  0  0  0  0  0  0]
 [ 0  0  0  0  0  0  0  0  0  0  0  0  0 21  0  0  0  0  0  0]
 [ 0  0  0  0  0  0  0  0  0  0  0  0  0  0 23  0  0  0  0  0]
 [ 0  0  0  0  0  0  0  0  0  0  0  0  0  0  0 12  0  0  0  0]
 [ 0  0  0  0  0  0  0  1  0  0  0  0  0  0  0  0 13  0  0  0]
 [ 0  0  0  0  0  0  0  0  0  0  0  0  0  0  0  0  0 16  0  0]
 [ 0  0  0  0  0  0  3  0  0  0  0  0  0  0  0  0  0  0 18  0]
 [ 0  0  0  0  0  0  0  0  0  0  0  0  0  0  0  0  0  0  0 18]]
2025-01-17 18:20:03,857 - INFO - Classification Report:
              precision    recall  f1-score   support

      banana       1.00      1.00      1.00        24
   blackgram       0.94      0.94      0.94        17
    chickpea       1.00      1.00      1.00        17
     coconut       1.00      1.00      1.00        16
      coffee       1.00      1.00      1.00        18
      cotton       1.00      1.00      1.00        16
        jute       0.86      1.00      0.92        18
 kidneybeans       0.95      1.00      0.98        20
      lentil       0.93      0.88      0.90        16
       maize       1.00      1.00      1.00        21
       mango       1.00      1.00      1.00        24
   mothbeans       0.93      1.00      0.96        13
    mungbean       1.00      1.00      1.00        25
   muskmelon       1.00      1.00      1.00        21
      orange       1.00      1.00      1.00        23
      papaya       1.00      1.00      1.00        12
  pigeonpeas       1.00      0.93      0.96        14
 pomegranate       1.00      1.00      1.00        16
        rice       1.00      0.86      0.92        21
  watermelon       1.00      1.00      1.00        18

    accuracy                           0.98       370
   macro avg       0.98      0.98      0.98       370
weighted avg       0.98      0.98      0.98       370

2025-01-17 18:20:07,445 - INFO - RF Model Performance:
2025-01-17 18:20:07,446 - INFO - Confusion Matrix:
[[24  0  0  0  0  0  0  0  0  0  0  0  0  0  0  0  0  0  0  0]
 [ 0 17  0  0  0  0  0  0  0  0  0  0  0  0  0  0  0  0  0  0]
 [ 0  0 17  0  0  0  0  0  0  0  0  0  0  0  0  0  0  0  0  0]
 [ 0  0  0 16  0  0  0  0  0  0  0  0  0  0  0  0  0  0  0  0]
 [ 0  0  0  0 18  0  0  0  0  0  0  0  0  0  0  0  0  0  0  0]
 [ 0  0  0  0  0 16  0  0  0  0  0  0  0  0  0  0  0  0  0  0]
 [ 0  0  0  0  0  0 18  0  0  0  0  0  0  0  0  0  0  0  0  0]
 [ 0  0  0  0  0  0  0 20  0  0  0  0  0  0  0  0  0  0  0  0]
 [ 0  0  0  0  0  0  0  0 14  0  0  2  0  0  0  0  0  0  0  0]
 [ 0  0  0  0  0  0  0  0  0 21  0  0  0  0  0  0  0  0  0  0]
 [ 0  0  0  0  0  0  0  0  0  0 24  0  0  0  0  0  0  0  0  0]
 [ 0  0  0  0  0  0  0  0  0  0  0 13  0  0  0  0  0  0  0  0]
 [ 0  0  0  0  0  0  0  0  0  0  0  0 25  0  0  0  0  0  0  0]
 [ 0  0  0  0  0  0  0  0  0  0  0  0  0 21  0  0  0  0  0  0]
 [ 0  0  0  0  0  0  0  0  0  0  0  0  0  0 23  0  0  0  0  0]
 [ 0  0  0  0  0  0  0  0  0  0  0  0  0  0  0 12  0  0  0  0]
 [ 0  0  0  0  0  0  0  0  0  0  0  0  0  0  0  0 14  0  0  0]
 [ 0  0  0  0  0  0  0  0  0  0  0  0  0  0  0  0  0 16  0  0]
 [ 0  0  0  0  0  0  2  0  0  0  0  0  0  0  0  0  0  0 19  0]
 [ 0  0  0  0  0  0  0  0  0  0  0  0  0  0  0  0  0  0  0 18]]
2025-01-17 18:20:07,454 - INFO - Classification Report:
              precision    recall  f1-score   support

      banana       1.00      1.00      1.00        24
   blackgram       1.00      1.00      1.00        17
    chickpea       1.00      1.00      1.00        17
     coconut       1.00      1.00      1.00        16
      coffee       1.00      1.00      1.00        18
      cotton       1.00      1.00      1.00        16
        jute       0.90      1.00      0.95        18
 kidneybeans       1.00      1.00      1.00        20
      lentil       1.00      0.88      0.93        16
       maize       1.00      1.00      1.00        21
       mango       1.00      1.00      1.00        24
   mothbeans       0.87      1.00      0.93        13
    mungbean       1.00      1.00      1.00        25
   muskmelon       1.00      1.00      1.00        21
      orange       1.00      1.00      1.00        23
      papaya       1.00      1.00      1.00        12
  pigeonpeas       1.00      1.00      1.00        14
 pomegranate       1.00      1.00      1.00        16
        rice       1.00      0.90      0.95        21
  watermelon       1.00      1.00      1.00        18

    accuracy                           0.99       370
   macro avg       0.99      0.99      0.99       370
weighted avg       0.99      0.99      0.99       370

2025-01-17 18:20:09,747 - INFO - AdaBoost Model Performance:
2025-01-17 18:20:09,747 - INFO - Confusion Matrix:
[[ 0  0  0  0  0  0 24  0  0  0  0  0  0  0  0  0  0  0  0  0]
 [ 0  0  0  0  0  0  0  0  0  0  0 17  0  0  0  0  0  0  0  0]
 [ 0  0 17  0  0  0  0  0  0  0  0  0  0  0  0  0  0  0  0  0]
 [ 0  0  0  0  0  0 16  0  0  0  0  0  0  0  0  0  0  0  0  0]
 [ 0  0  0  0  0  0  0  0  0 18  0  0  0  0  0  0  0  0  0  0]
 [ 0  0  0  0  0 16  0  0  0  0  0  0  0  0  0  0  0  0  0  0]
 [ 0  0  0  0  0  0 11  0  0  3  0  0  0  0  0  0  0  0  4  0]
 [ 0  0  0  0  0  0  0  0  0  0  0 20  0  0  0  0  0  0  0  0]
 [ 0  0  0  0  0  0  0  0  0  0  0 16  0  0  0  0  0  0  0  0]
 [ 0  0  0  0  0  0  0  0  0 21  0  0  0  0  0  0  0  0  0  0]
 [ 0  0  0  0  0  0  0  0  0  1  0 23  0  0  0  0  0  0  0  0]
 [ 0  0  0  0  0  0  0  0  0  0  0 13  0  0  0  0  0  0  0  0]
 [ 0  0  0  0  0  0  0  0  0  0  0  0 25  0  0  0  0  0  0  0]
 [ 0  0  0  0  0  0  0  0  0  0  0  0  0 21  0  0  0  0  0  0]
 [ 0  0  0  0  0  5  0  0  0  0  0  0  0  0 18  0  0  0  0  0]
 [ 0  0  0  0  0  0  0  0  0  0  0  0  0  0  0 11  0  0  1  0]
 [ 0  0  0  0  0  0  0  0  0  0  0 14  0  0  0  0  0  0  0  0]
 [ 0  0  0  0  0  0  6  0  0  0  0  0  0  0  0 10  0  0  0  0]
 [ 0  0  0  0  0  0  2  0  0  0  0  0  0  0  0  0  0  0 19  0]
 [ 0  0  0  0  0  0 18  0  0  0  0  0  0  0  0  0  0  0  0  0]]
2025-01-17 18:20:09,755 - INFO - Classification Report:
              precision    recall  f1-score   support

      banana       0.00      0.00      0.00        24
   blackgram       0.00      0.00      0.00        17
    chickpea       1.00      1.00      1.00        17
     coconut       0.00      0.00      0.00        16
      coffee       0.00      0.00      0.00        18
      cotton       0.76      1.00      0.86        16
        jute       0.14      0.61      0.23        18
 kidneybeans       0.00      0.00      0.00        20
      lentil       0.00      0.00      0.00        16
       maize       0.49      1.00      0.66        21
       mango       0.00      0.00      0.00        24
   mothbeans       0.13      1.00      0.22        13
    mungbean       1.00      1.00      1.00        25
   muskmelon       1.00      1.00      1.00        21
      orange       1.00      0.78      0.88        23
      papaya       0.52      0.92      0.67        12
  pigeonpeas       0.00      0.00      0.00        14
 pomegranate       0.00      0.00      0.00        16
        rice       0.79      0.90      0.84        21
  watermelon       0.00      0.00      0.00        18

    accuracy                           0.46       370
   macro avg       0.34      0.46      0.37       370
weighted avg       0.37      0.46      0.39       370

2025-01-17 18:20:10,671 - INFO - Bagging Model Performance:
2025-01-17 18:20:10,672 - INFO - Confusion Matrix:
[[24  0  0  0  0  0  0  0  0  0  0  0  0  0  0  0  0  0  0  0]
 [ 0 17  0  0  0  0  0  0  0  0  0  0  0  0  0  0  0  0  0  0]
 [ 0  0 17  0  0  0  0  0  0  0  0  0  0  0  0  0  0  0  0  0]
 [ 0  0  0 16  0  0  0  0  0  0  0  0  0  0  0  0  0  0  0  0]
 [ 0  0  0  0 18  0  0  0  0  0  0  0  0  0  0  0  0  0  0  0]
 [ 0  0  0  0  0 16  0  0  0  0  0  0  0  0  0  0  0  0  0  0]
 [ 0  0  0  0  0  0 17  0  0  0  0  0  0  0  0  0  0  0  1  0]
 [ 0  0  0  0  0  0  0 20  0  0  0  0  0  0  0  0  0  0  0  0]
 [ 0  0  0  0  0  0  0  0 15  0  0  1  0  0  0  0  0  0  0  0]
 [ 0  0  0  0  0  0  0  0  0 21  0  0  0  0  0  0  0  0  0  0]
 [ 0  0  0  0  0  0  0  0  0  0 24  0  0  0  0  0  0  0  0  0]
 [ 0  0  0  0  0  0  0  0  0  0  0 13  0  0  0  0  0  0  0  0]
 [ 0  0  0  0  0  0  0  0  0  0  0  0 25  0  0  0  0  0  0  0]
 [ 0  0  0  0  0  0  0  0  0  0  0  0  0 21  0  0  0  0  0  0]
 [ 0  0  0  0  0  0  0  0  0  0  0  0  0  0 23  0  0  0  0  0]
 [ 0  0  0  0  0  0  0  0  0  0  0  0  0  0  0 12  0  0  0  0]
 [ 0  0  0  0  0  0  0  0  0  0  0  0  0  0  0  0 14  0  0  0]
 [ 0  0  0  0  0  0  0  0  0  0  0  0  0  0  0  0  0 16  0  0]
 [ 0  0  0  0  0  0  2  0  0  0  0  0  0  0  0  0  0  0 19  0]
 [ 0  0  0  0  0  0  0  0  0  0  0  0  0  0  0  0  0  0  0 18]]
2025-01-17 18:20:10,679 - INFO - Classification Report:
              precision    recall  f1-score   support

      banana       1.00      1.00      1.00        24
   blackgram       1.00      1.00      1.00        17
    chickpea       1.00      1.00      1.00        17
     coconut       1.00      1.00      1.00        16
      coffee       1.00      1.00      1.00        18
      cotton       1.00      1.00      1.00        16
        jute       0.89      0.94      0.92        18
 kidneybeans       1.00      1.00      1.00        20
      lentil       1.00      0.94      0.97        16
       maize       1.00      1.00      1.00        21
       mango       1.00      1.00      1.00        24
   mothbeans       0.93      1.00      0.96        13
    mungbean       1.00      1.00      1.00        25
   muskmelon       1.00      1.00      1.00        21
      orange       1.00      1.00      1.00        23
      papaya       1.00      1.00      1.00        12
  pigeonpeas       1.00      1.00      1.00        14
 pomegranate       1.00      1.00      1.00        16
        rice       0.95      0.90      0.93        21
  watermelon       1.00      1.00      1.00        18

    accuracy                           0.99       370
   macro avg       0.99      0.99      0.99       370
weighted avg       0.99      0.99      0.99       370

2025-01-17 18:20:12,635 - INFO - ExtraTrees Model Performance:
2025-01-17 18:20:12,636 - INFO - Confusion Matrix:
[[24  0  0  0  0  0  0  0  0  0  0  0  0  0  0  0  0  0  0  0]
 [ 0 17  0  0  0  0  0  0  0  0  0  0  0  0  0  0  0  0  0  0]
 [ 0  0 17  0  0  0  0  0  0  0  0  0  0  0  0  0  0  0  0  0]
 [ 0  0  0 16  0  0  0  0  0  0  0  0  0  0  0  0  0  0  0  0]
 [ 0  0  0  0 18  0  0  0  0  0  0  0  0  0  0  0  0  0  0  0]
 [ 0  0  0  0  0 16  0  0  0  0  0  0  0  0  0  0  0  0  0  0]
 [ 0  0  0  0  1  0 17  0  0  0  0  0  0  0  0  0  0  0  0  0]
 [ 0  0  0  0  0  0  0 20  0  0  0  0  0  0  0  0  0  0  0  0]
 [ 0  0  0  0  0  0  0  0 15  0  0  1  0  0  0  0  0  0  0  0]
 [ 0  0  0  0  0  0  0  0  0 21  0  0  0  0  0  0  0  0  0  0]
 [ 0  0  0  0  0  0  0  0  0  0 24  0  0  0  0  0  0  0  0  0]
 [ 0  0  0  0  0  0  0  0  0  0  0 13  0  0  0  0  0  0  0  0]
 [ 0  0  0  0  0  0  0  0  0  0  0  0 25  0  0  0  0  0  0  0]
 [ 0  0  0  0  0  0  0  0  0  0  0  0  0 21  0  0  0  0  0  0]
 [ 0  0  0  0  0  0  0  0  0  0  0  0  0  0 23  0  0  0  0  0]
 [ 0  0  0  0  0  0  0  0  0  0  0  0  0  0  0 12  0  0  0  0]
 [ 0  0  0  0  0  0  0  0  0  0  0  0  0  0  0  0 14  0  0  0]
 [ 0  0  0  0  0  0  0  0  0  0  0  0  0  0  0  0  0 16  0  0]
 [ 0  0  0  0  0  0  2  0  0  0  0  0  0  0  0  0  0  0 19  0]
 [ 0  0  0  0  0  0  0  0  0  0  0  0  0  0  0  0  0  0  0 18]]
2025-01-17 18:20:12,643 - INFO - Classification Report:
              precision    recall  f1-score   support

      banana       1.00      1.00      1.00        24
   blackgram       1.00      1.00      1.00        17
    chickpea       1.00      1.00      1.00        17
     coconut       1.00      1.00      1.00        16
      coffee       0.95      1.00      0.97        18
      cotton       1.00      1.00      1.00        16
        jute       0.89      0.94      0.92        18
 kidneybeans       1.00      1.00      1.00        20
      lentil       1.00      0.94      0.97        16
       maize       1.00      1.00      1.00        21
       mango       1.00      1.00      1.00        24
   mothbeans       0.93      1.00      0.96        13
    mungbean       1.00      1.00      1.00        25
   muskmelon       1.00      1.00      1.00        21
      orange       1.00      1.00      1.00        23
      papaya       1.00      1.00      1.00        12
  pigeonpeas       1.00      1.00      1.00        14
 pomegranate       1.00      1.00      1.00        16
        rice       1.00      0.90      0.95        21
  watermelon       1.00      1.00      1.00        18

    accuracy                           0.99       370
   macro avg       0.99      0.99      0.99       370
weighted avg       0.99      0.99      0.99       370

2025-01-17 18:20:50,882 - INFO - Column names: Index(['N', 'P', 'K', 'temperature', 'humidity', 'ph', 'rainfall', 'label'], dtype='object')
2025-01-17 18:20:50,884 - INFO - Unique values in 'label' column: ['rice' 'maize' 'chickpea' 'kidneybeans' 'pigeonpeas' 'mothbeans'
 'mungbean' 'blackgram' 'lentil' 'pomegranate' 'banana' 'mango' 'grapes'
 'watermelon' 'muskmelon' 'apple' 'orange' 'papaya' 'coconut' 'cotton'
 'jute' 'coffee']
2025-01-17 18:20:51,405 - INFO - LR Model Performance:
2025-01-17 18:20:51,407 - INFO - Confusion Matrix:
[[24  0  0  0  0  0  0  0  0  0  0  0  0  0  0  0  0  0  0  0]
 [ 0 15  0  0  0  0  0  0  2  0  0  0  0  0  0  0  0  0  0  0]
 [ 0  0 17  0  0  0  0  0  0  0  0  0  0  0  0  0  0  0  0  0]
 [ 0  0  0 16  0  0  0  0  0  0  0  0  0  0  0  0  0  0  0  0]
 [ 0  0  0  0 18  0  0  0  0  0  0  0  0  0  0  0  0  0  0  0]
 [ 0  0  0  0  0 15  0  0  0  1  0  0  0  0  0  0  0  0  0  0]
 [ 0  0  0  0  1  0 17  0  0  0  0  0  0  0  0  0  0  0  0  0]
 [ 0  0  0  0  0  0  0 19  0  0  0  0  0  0  0  0  1  0  0  0]
 [ 0  1  0  0  0  0  0  0 13  0  0  2  0  0  0  0  0  0  0  0]
 [ 0  1  0  0  0  0  0  0  0 20  0  0  0  0  0  0  0  0  0  0]
 [ 0  0  0  0  0  0  0  0  0  0 24  0  0  0  0  0  0  0  0  0]
 [ 0  0  0  0  0  0  0  0  0  1  0 12  0  0  0  0  0  0  0  0]
 [ 0  0  0  0  0  0  0  0  0  0  0  0 25  0  0  0  0  0  0  0]
 [ 0  0  0  0  0  0  0  0  0  0  0  0  0 21  0  0  0  0  0  0]
 [ 0  0  0  0  0  0  0  0  0  0  0  0  0  0 23  0  0  0  0  0]
 [ 0  0  0  0  0  0  0  0  0  0  0  0  0  0  0 12  0  0  0  0]
 [ 0  0  0  0  0  0  0  1  0  0  0  0  0  0  0  0 13  0  0  0]
 [ 0  0  0  0  0  0  0  0  0  0  0  0  0  0  0  0  0 16  0  0]
 [ 0  0  0  0  0  0  4  0  0  0  0  0  0  0  0  0  0  0 17  0]
 [ 0  0  0  0  0  0  0  0  0  0  0  0  0  0  0  0  0  0  0 18]]
2025-01-17 18:20:51,415 - INFO - Classification Report:
              precision    recall  f1-score   support

      banana       1.00      1.00      1.00        24
   blackgram       0.88      0.88      0.88        17
    chickpea       1.00      1.00      1.00        17
     coconut       1.00      1.00      1.00        16
      coffee       0.95      1.00      0.97        18
      cotton       1.00      0.94      0.97        16
        jute       0.81      0.94      0.87        18
 kidneybeans       0.95      0.95      0.95        20
      lentil       0.87      0.81      0.84        16
       maize       0.91      0.95      0.93        21
       mango       1.00      1.00      1.00        24
   mothbeans       0.86      0.92      0.89        13
    mungbean       1.00      1.00      1.00        25
   muskmelon       1.00      1.00      1.00        21
      orange       1.00      1.00      1.00        23
      papaya       1.00      1.00      1.00        12
  pigeonpeas       0.93      0.93      0.93        14
 pomegranate       1.00      1.00      1.00        16
        rice       1.00      0.81      0.89        21
  watermelon       1.00      1.00      1.00        18

    accuracy                           0.96       370
   macro avg       0.96      0.96      0.96       370
weighted avg       0.96      0.96      0.96       370

2025-01-17 18:20:51,550 - INFO - LDA Model Performance:
2025-01-17 18:20:51,551 - INFO - Confusion Matrix:
[[24  0  0  0  0  0  0  0  0  0  0  0  0  0  0  0  0  0  0  0]
 [ 0 16  0  0  0  0  0  0  1  0  0  0  0  0  0  0  0  0  0  0]
 [ 0  0 17  0  0  0  0  0  0  0  0  0  0  0  0  0  0  0  0  0]
 [ 0  0  0 16  0  0  0  0  0  0  0  0  0  0  0  0  0  0  0  0]
 [ 0  0  0  0 18  0  0  0  0  0  0  0  0  0  0  0  0  0  0  0]
 [ 0  0  0  0  0 16  0  0  0  0  0  0  0  0  0  0  0  0  0  0]
 [ 0  0  0  0  0  0 17  0  0  0  0  0  0  0  0  0  0  0  1  0]
 [ 0  0  0  0  0  0  0 20  0  0  0  0  0  0  0  0  0  0  0  0]
 [ 0  2  0  0  0  0  0  0 13  0  0  1  0  0  0  0  0  0  0  0]
 [ 0  0  0  0  0  0  0  0  0 21  0  0  0  0  0  0  0  0  0  0]
 [ 0  0  0  0  0  0  0  0  0  0 24  0  0  0  0  0  0  0  0  0]
 [ 0  1  0  0  0  0  0  0  0  0  0 12  0  0  0  0  0  0  0  0]
 [ 0  0  0  0  0  0  0  0  0  0  0  0 25  0  0  0  0  0  0  0]
 [ 0  0  0  0  0  0  0  0  0  0  0  0  0 21  0  0  0  0  0  0]
 [ 0  0  0  0  0  0  0  0  0  0  0  0  0  0 23  0  0  0  0  0]
 [ 0  0  0  0  0  0  0  0  0  0  0  0  0  0  0 12  0  0  0  0]
 [ 0  1  0  0  0  0  0  1  0  0  0  0  0  0  0  0 12  0  0  0]
 [ 0  0  0  0  0  0  0  0  0  0  0  0  0  0  0  0  0 16  0  0]
 [ 0  0  0  0  0  0  4  0  0  0  0  0  0  0  0  0  0  0 17  0]
 [ 0  0  0  0  0  0  0  0  0  0  0  0  0  0  0  0  0  0  0 18]]
2025-01-17 18:20:51,559 - INFO - Classification Report:
              precision    recall  f1-score   support

      banana       1.00      1.00      1.00        24
   blackgram       0.80      0.94      0.86        17
    chickpea       1.00      1.00      1.00        17
     coconut       1.00      1.00      1.00        16
      coffee       1.00      1.00      1.00        18
      cotton       1.00      1.00      1.00        16
        jute       0.81      0.94      0.87        18
 kidneybeans       0.95      1.00      0.98        20
      lentil       0.93      0.81      0.87        16
       maize       1.00      1.00      1.00        21
       mango       1.00      1.00      1.00        24
   mothbeans       0.92      0.92      0.92        13
    mungbean       1.00      1.00      1.00        25
   muskmelon       1.00      1.00      1.00        21
      orange       1.00      1.00      1.00        23
      papaya       1.00      1.00      1.00        12
  pigeonpeas       1.00      0.86      0.92        14
 pomegranate       1.00      1.00      1.00        16
        rice       0.94      0.81      0.87        21
  watermelon       1.00      1.00      1.00        18

    accuracy                           0.97       370
   macro avg       0.97      0.96      0.96       370
weighted avg       0.97      0.97      0.97       370

2025-01-17 18:20:51,777 - INFO - KNN Model Performance:
2025-01-17 18:20:51,778 - INFO - Confusion Matrix:
[[24  0  0  0  0  0  0  0  0  0  0  0  0  0  0  0  0  0  0  0]
 [ 0 16  0  0  0  0  0  0  1  0  0  0  0  0  0  0  0  0  0  0]
 [ 0  0 17  0  0  0  0  0  0  0  0  0  0  0  0  0  0  0  0  0]
 [ 0  0  0 16  0  0  0  0  0  0  0  0  0  0  0  0  0  0  0  0]
 [ 0  0  0  0 18  0  0  0  0  0  0  0  0  0  0  0  0  0  0  0]
 [ 0  0  0  0  0 16  0  0  0  0  0  0  0  0  0  0  0  0  0  0]
 [ 0  0  0  0  0  0 15  0  0  0  0  0  0  0  0  0  0  0  3  0]
 [ 0  0  0  0  0  0  0 20  0  0  0  0  0  0  0  0  0  0  0  0]
 [ 0  2  0  0  0  0  0  0 14  0  0  0  0  0  0  0  0  0  0  0]
 [ 0  0  0  0  0  2  0  0  0 19  0  0  0  0  0  0  0  0  0  0]
 [ 0  0  0  0  0  0  0  0  0  0 24  0  0  0  0  0  0  0  0  0]
 [ 0  0  0  0  0  0  0  0  0  0  0 13  0  0  0  0  0  0  0  0]
 [ 0  0  0  0  0  0  0  0  0  0  0  0 25  0  0  0  0  0  0  0]
 [ 0  0  0  0  0  0  0  0  0  0  0  0  0 21  0  0  0  0  0  0]
 [ 0  0  0  0  0  0  0  0  0  0  0  0  0  0 23  0  0  0  0  0]
 [ 0  0  0  0  0  0  0  0  0  0  0  0  0  0  0 12  0  0  0  0]
 [ 0  0  0  0  0  0  0  1  0  0  0  0  0  0  0  0 13  0  0  0]
 [ 0  0  0  0  0  0  0  0  0  0  0  0  0  0  0  0  0 16  0  0]
 [ 0  0  0  0  0  0  1  0  0  0  0  0  0  0  0  0  0  0 20  0]
 [ 0  0  0  0  0  0  0  0  0  0  0  0  0  0  0  0  0  0  0 18]]
2025-01-17 18:20:51,791 - INFO - Classification Report:
              precision    recall  f1-score   support

      banana       1.00      1.00      1.00        24
   blackgram       0.89      0.94      0.91        17
    chickpea       1.00      1.00      1.00        17
     coconut       1.00      1.00      1.00        16
      coffee       1.00      1.00      1.00        18
      cotton       0.89      1.00      0.94        16
        jute       0.94      0.83      0.88        18
 kidneybeans       0.95      1.00      0.98        20
      lentil       0.93      0.88      0.90        16
       maize       1.00      0.90      0.95        21
       mango       1.00      1.00      1.00        24
   mothbeans       1.00      1.00      1.00        13
    mungbean       1.00      1.00      1.00        25
   muskmelon       1.00      1.00      1.00        21
      orange       1.00      1.00      1.00        23
      papaya       1.00      1.00      1.00        12
  pigeonpeas       1.00      0.93      0.96        14
 pomegranate       1.00      1.00      1.00        16
        rice       0.87      0.95      0.91        21
  watermelon       1.00      1.00      1.00        18

    accuracy                           0.97       370
   macro avg       0.97      0.97      0.97       370
weighted avg       0.97      0.97      0.97       370

2025-01-17 18:20:52,001 - INFO - CART Model Performance:
2025-01-17 18:20:52,003 - INFO - Confusion Matrix:
[[24  0  0  0  0  0  0  0  0  0  0  0  0  0  0  0  0  0  0  0]
 [ 0 17  0  0  0  0  0  0  0  0  0  0  0  0  0  0  0  0  0  0]
 [ 0  0 17  0  0  0  0  0  0  0  0  0  0  0  0  0  0  0  0  0]
 [ 0  0  0 16  0  0  0  0  0  0  0  0  0  0  0  0  0  0  0  0]
 [ 0  0  0  0 18  0  0  0  0  0  0  0  0  0  0  0  0  0  0  0]
 [ 0  0  0  0  0 16  0  0  0  0  0  0  0  0  0  0  0  0  0  0]
 [ 0  0  0  0  0  0 18  0  0  0  0  0  0  0  0  0  0  0  0  0]
 [ 0  0  0  0  0  0  0 20  0  0  0  0  0  0  0  0  0  0  0  0]
 [ 0  0  0  0  0  0  0  0 16  0  0  0  0  0  0  0  0  0  0  0]
 [ 0  0  0  0  0  0  0  0  0 21  0  0  0  0  0  0  0  0  0  0]
 [ 0  0  0  0  0  0  0  0  0  0 24  0  0  0  0  0  0  0  0  0]
 [ 0  0  0  0  0  0  0  0  0  0  0 13  0  0  0  0  0  0  0  0]
 [ 0  0  0  0  0  0  0  0  0  0  0  0 25  0  0  0  0  0  0  0]
 [ 0  0  0  0  0  0  0  0  0  0  0  0  0 21  0  0  0  0  0  0]
 [ 0  0  0  0  0  0  0  0  0  0  0  0  0  0 23  0  0  0  0  0]
 [ 0  0  0  0  0  0  0  0  0  0  0  0  0  0  0 12  0  0  0  0]
 [ 0  0  0  0  0  0  0  0  0  0  0  0  0  0  0  0 14  0  0  0]
 [ 0  0  0  0  0  0  0  0  0  0  0  0  0  0  0  0  0 16  0  0]
 [ 0  0  0  0  0  0  2  0  0  0  0  0  0  0  0  0  0  0 19  0]
 [ 0  0  0  0  0  0  0  0  0  0  0  0  0  0  0  0  0  0  0 18]]
2025-01-17 18:20:52,012 - INFO - Classification Report:
              precision    recall  f1-score   support

      banana       1.00      1.00      1.00        24
   blackgram       1.00      1.00      1.00        17
    chickpea       1.00      1.00      1.00        17
     coconut       1.00      1.00      1.00        16
      coffee       1.00      1.00      1.00        18
      cotton       1.00      1.00      1.00        16
        jute       0.90      1.00      0.95        18
 kidneybeans       1.00      1.00      1.00        20
      lentil       1.00      1.00      1.00        16
       maize       1.00      1.00      1.00        21
       mango       1.00      1.00      1.00        24
   mothbeans       1.00      1.00      1.00        13
    mungbean       1.00      1.00      1.00        25
   muskmelon       1.00      1.00      1.00        21
      orange       1.00      1.00      1.00        23
      papaya       1.00      1.00      1.00        12
  pigeonpeas       1.00      1.00      1.00        14
 pomegranate       1.00      1.00      1.00        16
        rice       1.00      0.90      0.95        21
  watermelon       1.00      1.00      1.00        18

    accuracy                           0.99       370
   macro avg       0.99      1.00      0.99       370
weighted avg       1.00      0.99      0.99       370

2025-01-17 18:20:52,098 - INFO - NB Model Performance:
2025-01-17 18:20:52,099 - INFO - Confusion Matrix:
[[24  0  0  0  0  0  0  0  0  0  0  0  0  0  0  0  0  0  0  0]
 [ 0 17  0  0  0  0  0  0  0  0  0  0  0  0  0  0  0  0  0  0]
 [ 0  0 17  0  0  0  0  0  0  0  0  0  0  0  0  0  0  0  0  0]
 [ 0  0  0 16  0  0  0  0  0  0  0  0  0  0  0  0  0  0  0  0]
 [ 0  0  0  0 18  0  0  0  0  0  0  0  0  0  0  0  0  0  0  0]
 [ 0  0  0  0  0 16  0  0  0  0  0  0  0  0  0  0  0  0  0  0]
 [ 0  0  0  0  0  0 18  0  0  0  0  0  0  0  0  0  0  0  0  0]
 [ 0  0  0  0  0  0  0 20  0  0  0  0  0  0  0  0  0  0  0  0]
 [ 0  0  0  0  0  0  0  0 14  0  0  2  0  0  0  0  0  0  0  0]
 [ 0  0  0  0  0  0  0  0  0 21  0  0  0  0  0  0  0  0  0  0]
 [ 0  0  0  0  0  0  0  0  0  0 24  0  0  0  0  0  0  0  0  0]
 [ 0  0  0  0  0  0  0  0  0  0  0 13  0  0  0  0  0  0  0  0]
 [ 0  0  0  0  0  0  0  0  0  0  0  0 25  0  0  0  0  0  0  0]
 [ 0  0  0  0  0  0  0  0  0  0  0  0  0 21  0  0  0  0  0  0]
 [ 0  0  0  0  0  0  0  0  0  0  0  0  0  0 23  0  0  0  0  0]
 [ 0  0  0  0  0  0  0  0  0  0  0  0  0  0  0 12  0  0  0  0]
 [ 0  0  0  0  0  0  0  0  0  0  0  0  0  0  0  0 14  0  0  0]
 [ 0  0  0  0  0  0  0  0  0  0  0  0  0  0  0  0  0 16  0  0]
 [ 0  0  0  0  0  0  2  0  0  0  0  0  0  0  0  0  0  0 19  0]
 [ 0  0  0  0  0  0  0  0  0  0  0  0  0  0  0  0  0  0  0 18]]
2025-01-17 18:20:52,110 - INFO - Classification Report:
              precision    recall  f1-score   support

      banana       1.00      1.00      1.00        24
   blackgram       1.00      1.00      1.00        17
    chickpea       1.00      1.00      1.00        17
     coconut       1.00      1.00      1.00        16
      coffee       1.00      1.00      1.00        18
      cotton       1.00      1.00      1.00        16
        jute       0.90      1.00      0.95        18
 kidneybeans       1.00      1.00      1.00        20
      lentil       1.00      0.88      0.93        16
       maize       1.00      1.00      1.00        21
       mango       1.00      1.00      1.00        24
   mothbeans       0.87      1.00      0.93        13
    mungbean       1.00      1.00      1.00        25
   muskmelon       1.00      1.00      1.00        21
      orange       1.00      1.00      1.00        23
      papaya       1.00      1.00      1.00        12
  pigeonpeas       1.00      1.00      1.00        14
 pomegranate       1.00      1.00      1.00        16
        rice       1.00      0.90      0.95        21
  watermelon       1.00      1.00      1.00        18

    accuracy                           0.99       370
   macro avg       0.99      0.99      0.99       370
weighted avg       0.99      0.99      0.99       370

2025-01-17 18:20:54,616 - INFO - SVM Model Performance:
2025-01-17 18:20:54,617 - INFO - Confusion Matrix:
[[24  0  0  0  0  0  0  0  0  0  0  0  0  0  0  0  0  0  0  0]
 [ 0 16  0  0  0  0  0  0  1  0  0  0  0  0  0  0  0  0  0  0]
 [ 0  0 17  0  0  0  0  0  0  0  0  0  0  0  0  0  0  0  0  0]
 [ 0  0  0 16  0  0  0  0  0  0  0  0  0  0  0  0  0  0  0  0]
 [ 0  0  0  0 18  0  0  0  0  0  0  0  0  0  0  0  0  0  0  0]
 [ 0  0  0  0  0 16  0  0  0  0  0  0  0  0  0  0  0  0  0  0]
 [ 0  0  0  0  0  0 18  0  0  0  0  0  0  0  0  0  0  0  0  0]
 [ 0  0  0  0  0  0  0 20  0  0  0  0  0  0  0  0  0  0  0  0]
 [ 0  1  0  0  0  0  0  0 14  0  0  1  0  0  0  0  0  0  0  0]
 [ 0  0  0  0  0  0  0  0  0 21  0  0  0  0  0  0  0  0  0  0]
 [ 0  0  0  0  0  0  0  0  0  0 24  0  0  0  0  0  0  0  0  0]
 [ 0  0  0  0  0  0  0  0  0  0  0 13  0  0  0  0  0  0  0  0]
 [ 0  0  0  0  0  0  0  0  0  0  0  0 25  0  0  0  0  0  0  0]
 [ 0  0  0  0  0  0  0  0  0  0  0  0  0 21  0  0  0  0  0  0]
 [ 0  0  0  0  0  0  0  0  0  0  0  0  0  0 23  0  0  0  0  0]
 [ 0  0  0  0  0  0  0  0  0  0  0  0  0  0  0 12  0  0  0  0]
 [ 0  0  0  0  0  0  0  1  0  0  0  0  0  0  0  0 13  0  0  0]
 [ 0  0  0  0  0  0  0  0  0  0  0  0  0  0  0  0  0 16  0  0]
 [ 0  0  0  0  0  0  3  0  0  0  0  0  0  0  0  0  0  0 18  0]
 [ 0  0  0  0  0  0  0  0  0  0  0  0  0  0  0  0  0  0  0 18]]
2025-01-17 18:20:54,627 - INFO - Classification Report:
              precision    recall  f1-score   support

      banana       1.00      1.00      1.00        24
   blackgram       0.94      0.94      0.94        17
    chickpea       1.00      1.00      1.00        17
     coconut       1.00      1.00      1.00        16
      coffee       1.00      1.00      1.00        18
      cotton       1.00      1.00      1.00        16
        jute       0.86      1.00      0.92        18
 kidneybeans       0.95      1.00      0.98        20
      lentil       0.93      0.88      0.90        16
       maize       1.00      1.00      1.00        21
       mango       1.00      1.00      1.00        24
   mothbeans       0.93      1.00      0.96        13
    mungbean       1.00      1.00      1.00        25
   muskmelon       1.00      1.00      1.00        21
      orange       1.00      1.00      1.00        23
      papaya       1.00      1.00      1.00        12
  pigeonpeas       1.00      0.93      0.96        14
 pomegranate       1.00      1.00      1.00        16
        rice       1.00      0.86      0.92        21
  watermelon       1.00      1.00      1.00        18

    accuracy                           0.98       370
   macro avg       0.98      0.98      0.98       370
weighted avg       0.98      0.98      0.98       370

2025-01-17 18:20:58,150 - INFO - RF Model Performance:
2025-01-17 18:20:58,151 - INFO - Confusion Matrix:
[[24  0  0  0  0  0  0  0  0  0  0  0  0  0  0  0  0  0  0  0]
 [ 0 17  0  0  0  0  0  0  0  0  0  0  0  0  0  0  0  0  0  0]
 [ 0  0 17  0  0  0  0  0  0  0  0  0  0  0  0  0  0  0  0  0]
 [ 0  0  0 16  0  0  0  0  0  0  0  0  0  0  0  0  0  0  0  0]
 [ 0  0  0  0 18  0  0  0  0  0  0  0  0  0  0  0  0  0  0  0]
 [ 0  0  0  0  0 16  0  0  0  0  0  0  0  0  0  0  0  0  0  0]
 [ 0  0  0  0  0  0 18  0  0  0  0  0  0  0  0  0  0  0  0  0]
 [ 0  0  0  0  0  0  0 20  0  0  0  0  0  0  0  0  0  0  0  0]
 [ 0  0  0  0  0  0  0  0 15  0  0  1  0  0  0  0  0  0  0  0]
 [ 0  0  0  0  0  0  0  0  0 21  0  0  0  0  0  0  0  0  0  0]
 [ 0  0  0  0  0  0  0  0  0  0 24  0  0  0  0  0  0  0  0  0]
 [ 0  0  0  0  0  0  0  0  0  0  0 13  0  0  0  0  0  0  0  0]
 [ 0  0  0  0  0  0  0  0  0  0  0  0 25  0  0  0  0  0  0  0]
 [ 0  0  0  0  0  0  0  0  0  0  0  0  0 21  0  0  0  0  0  0]
 [ 0  0  0  0  0  0  0  0  0  0  0  0  0  0 23  0  0  0  0  0]
 [ 0  0  0  0  0  0  0  0  0  0  0  0  0  0  0 12  0  0  0  0]
 [ 0  0  0  0  0  0  0  0  0  0  0  0  0  0  0  0 14  0  0  0]
 [ 0  0  0  0  0  0  0  0  0  0  0  0  0  0  0  0  0 16  0  0]
 [ 0  0  0  0  0  0  2  0  0  0  0  0  0  0  0  0  0  0 19  0]
 [ 0  0  0  0  0  0  0  0  0  0  0  0  0  0  0  0  0  0  0 18]]
2025-01-17 18:20:58,158 - INFO - Classification Report:
              precision    recall  f1-score   support

      banana       1.00      1.00      1.00        24
   blackgram       1.00      1.00      1.00        17
    chickpea       1.00      1.00      1.00        17
     coconut       1.00      1.00      1.00        16
      coffee       1.00      1.00      1.00        18
      cotton       1.00      1.00      1.00        16
        jute       0.90      1.00      0.95        18
 kidneybeans       1.00      1.00      1.00        20
      lentil       1.00      0.94      0.97        16
       maize       1.00      1.00      1.00        21
       mango       1.00      1.00      1.00        24
   mothbeans       0.93      1.00      0.96        13
    mungbean       1.00      1.00      1.00        25
   muskmelon       1.00      1.00      1.00        21
      orange       1.00      1.00      1.00        23
      papaya       1.00      1.00      1.00        12
  pigeonpeas       1.00      1.00      1.00        14
 pomegranate       1.00      1.00      1.00        16
        rice       1.00      0.90      0.95        21
  watermelon       1.00      1.00      1.00        18

    accuracy                           0.99       370
   macro avg       0.99      0.99      0.99       370
weighted avg       0.99      0.99      0.99       370

2025-01-17 18:21:00,364 - INFO - AdaBoost Model Performance:
2025-01-17 18:21:00,365 - INFO - Confusion Matrix:
[[ 0  0  0  0  0  0 24  0  0  0  0  0  0  0  0  0  0  0  0  0]
 [ 0  0  0  0  0  0  0  0  0  0  0 17  0  0  0  0  0  0  0  0]
 [ 0  0 17  0  0  0  0  0  0  0  0  0  0  0  0  0  0  0  0  0]
 [ 0  0  0  0  0  0 16  0  0  0  0  0  0  0  0  0  0  0  0  0]
 [ 0  0  0  0  0  0  0  0  0 18  0  0  0  0  0  0  0  0  0  0]
 [ 0  0  0  0  0 16  0  0  0  0  0  0  0  0  0  0  0  0  0  0]
 [ 0  0  0  0  0  0 11  0  0  3  0  0  0  0  0  0  0  0  4  0]
 [ 0  0  0  0  0  0  0  0  0  0  0 20  0  0  0  0  0  0  0  0]
 [ 0  0  0  0  0  0  0  0  0  0  0 16  0  0  0  0  0  0  0  0]
 [ 0  0  0  0  0  0  0  0  0 21  0  0  0  0  0  0  0  0  0  0]
 [ 0  0  0  0  0  0  0  0  0  1  0 23  0  0  0  0  0  0  0  0]
 [ 0  0  0  0  0  0  0  0  0  0  0 13  0  0  0  0  0  0  0  0]
 [ 0  0  0  0  0  0  0  0  0  0  0  0 25  0  0  0  0  0  0  0]
 [ 0  0  0  0  0  0  0  0  0  0  0  0  0 21  0  0  0  0  0  0]
 [ 0  0  0  0  0  5  0  0  0  0  0  0  0  0 18  0  0  0  0  0]
 [ 0  0  0  0  0  0  0  0  0  0  0  0  0  0  0 11  0  0  1  0]
 [ 0  0  0  0  0  0  0  0  0  0  0 14  0  0  0  0  0  0  0  0]
 [ 0  0  0  0  0  0  6  0  0  0  0  0  0  0  0 10  0  0  0  0]
 [ 0  0  0  0  0  0  2  0  0  0  0  0  0  0  0  0  0  0 19  0]
 [ 0  0  0  0  0  0 18  0  0  0  0  0  0  0  0  0  0  0  0  0]]
2025-01-17 18:21:00,372 - INFO - Classification Report:
              precision    recall  f1-score   support

      banana       0.00      0.00      0.00        24
   blackgram       0.00      0.00      0.00        17
    chickpea       1.00      1.00      1.00        17
     coconut       0.00      0.00      0.00        16
      coffee       0.00      0.00      0.00        18
      cotton       0.76      1.00      0.86        16
        jute       0.14      0.61      0.23        18
 kidneybeans       0.00      0.00      0.00        20
      lentil       0.00      0.00      0.00        16
       maize       0.49      1.00      0.66        21
       mango       0.00      0.00      0.00        24
   mothbeans       0.13      1.00      0.22        13
    mungbean       1.00      1.00      1.00        25
   muskmelon       1.00      1.00      1.00        21
      orange       1.00      0.78      0.88        23
      papaya       0.52      0.92      0.67        12
  pigeonpeas       0.00      0.00      0.00        14
 pomegranate       0.00      0.00      0.00        16
        rice       0.79      0.90      0.84        21
  watermelon       0.00      0.00      0.00        18

    accuracy                           0.46       370
   macro avg       0.34      0.46      0.37       370
weighted avg       0.37      0.46      0.39       370

2025-01-17 18:21:01,265 - INFO - Bagging Model Performance:
2025-01-17 18:21:01,266 - INFO - Confusion Matrix:
[[24  0  0  0  0  0  0  0  0  0  0  0  0  0  0  0  0  0  0  0]
 [ 0 17  0  0  0  0  0  0  0  0  0  0  0  0  0  0  0  0  0  0]
 [ 0  0 17  0  0  0  0  0  0  0  0  0  0  0  0  0  0  0  0  0]
 [ 0  0  0 16  0  0  0  0  0  0  0  0  0  0  0  0  0  0  0  0]
 [ 0  0  0  0 18  0  0  0  0  0  0  0  0  0  0  0  0  0  0  0]
 [ 0  0  0  0  0 16  0  0  0  0  0  0  0  0  0  0  0  0  0  0]
 [ 0  0  0  0  0  0 18  0  0  0  0  0  0  0  0  0  0  0  0  0]
 [ 0  0  0  0  0  0  0 20  0  0  0  0  0  0  0  0  0  0  0  0]
 [ 0  0  0  0  0  0  0  0 16  0  0  0  0  0  0  0  0  0  0  0]
 [ 0  0  0  0  0  0  0  0  0 21  0  0  0  0  0  0  0  0  0  0]
 [ 0  0  0  0  0  0  0  0  0  0 24  0  0  0  0  0  0  0  0  0]
 [ 0  0  0  0  0  0  0  0  0  0  0 13  0  0  0  0  0  0  0  0]
 [ 0  0  0  0  0  0  0  0  0  0  0  0 25  0  0  0  0  0  0  0]
 [ 0  0  0  0  0  0  0  0  0  0  0  0  0 21  0  0  0  0  0  0]
 [ 0  0  0  0  0  0  0  0  0  0  0  0  0  0 23  0  0  0  0  0]
 [ 0  0  0  0  0  0  0  0  0  0  0  0  0  0  0 12  0  0  0  0]
 [ 0  0  0  0  0  0  0  0  0  0  0  0  0  0  0  0 14  0  0  0]
 [ 0  0  0  0  0  0  0  0  0  0  0  0  0  0  0  0  0 16  0  0]
 [ 0  0  0  0  0  0  2  0  0  0  0  0  0  0  0  0  0  0 19  0]
 [ 0  0  0  0  0  0  0  0  0  0  0  0  0  0  0  0  0  0  0 18]]
2025-01-17 18:21:01,273 - INFO - Classification Report:
              precision    recall  f1-score   support

      banana       1.00      1.00      1.00        24
   blackgram       1.00      1.00      1.00        17
    chickpea       1.00      1.00      1.00        17
     coconut       1.00      1.00      1.00        16
      coffee       1.00      1.00      1.00        18
      cotton       1.00      1.00      1.00        16
        jute       0.90      1.00      0.95        18
 kidneybeans       1.00      1.00      1.00        20
      lentil       1.00      1.00      1.00        16
       maize       1.00      1.00      1.00        21
       mango       1.00      1.00      1.00        24
   mothbeans       1.00      1.00      1.00        13
    mungbean       1.00      1.00      1.00        25
   muskmelon       1.00      1.00      1.00        21
      orange       1.00      1.00      1.00        23
      papaya       1.00      1.00      1.00        12
  pigeonpeas       1.00      1.00      1.00        14
 pomegranate       1.00      1.00      1.00        16
        rice       1.00      0.90      0.95        21
  watermelon       1.00      1.00      1.00        18

    accuracy                           0.99       370
   macro avg       0.99      1.00      0.99       370
weighted avg       1.00      0.99      0.99       370

2025-01-17 18:21:03,199 - INFO - ExtraTrees Model Performance:
2025-01-17 18:21:03,200 - INFO - Confusion Matrix:
[[24  0  0  0  0  0  0  0  0  0  0  0  0  0  0  0  0  0  0  0]
 [ 0 16  0  0  0  0  0  0  1  0  0  0  0  0  0  0  0  0  0  0]
 [ 0  0 17  0  0  0  0  0  0  0  0  0  0  0  0  0  0  0  0  0]
 [ 0  0  0 16  0  0  0  0  0  0  0  0  0  0  0  0  0  0  0  0]
 [ 0  0  0  0 18  0  0  0  0  0  0  0  0  0  0  0  0  0  0  0]
 [ 0  0  0  0  0 16  0  0  0  0  0  0  0  0  0  0  0  0  0  0]
 [ 0  0  0  0  0  0 18  0  0  0  0  0  0  0  0  0  0  0  0  0]
 [ 0  0  0  0  0  0  0 20  0  0  0  0  0  0  0  0  0  0  0  0]
 [ 0  0  0  0  0  0  0  0 14  0  0  2  0  0  0  0  0  0  0  0]
 [ 0  0  0  0  0  0  0  0  0 21  0  0  0  0  0  0  0  0  0  0]
 [ 0  0  0  0  0  0  0  0  0  0 24  0  0  0  0  0  0  0  0  0]
 [ 0  0  0  0  0  0  0  0  0  0  0 13  0  0  0  0  0  0  0  0]
 [ 0  0  0  0  0  0  0  0  0  0  0  0 25  0  0  0  0  0  0  0]
 [ 0  0  0  0  0  0  0  0  0  0  0  0  0 21  0  0  0  0  0  0]
 [ 0  0  0  0  0  0  0  0  0  0  0  0  0  0 23  0  0  0  0  0]
 [ 0  0  0  0  0  0  0  0  0  0  0  0  0  0  0 12  0  0  0  0]
 [ 0  0  0  0  0  0  0  0  0  0  0  0  0  0  0  0 14  0  0  0]
 [ 0  0  0  0  0  0  0  0  0  0  0  0  0  0  0  0  0 16  0  0]
 [ 0  0  0  0  0  0  3  0  0  0  0  0  0  0  0  0  0  0 18  0]
 [ 0  0  0  0  0  0  0  0  0  0  0  0  0  0  0  0  0  0  0 18]]
2025-01-17 18:21:03,207 - INFO - Classification Report:
              precision    recall  f1-score   support

      banana       1.00      1.00      1.00        24
   blackgram       1.00      0.94      0.97        17
    chickpea       1.00      1.00      1.00        17
     coconut       1.00      1.00      1.00        16
      coffee       1.00      1.00      1.00        18
      cotton       1.00      1.00      1.00        16
        jute       0.86      1.00      0.92        18
 kidneybeans       1.00      1.00      1.00        20
      lentil       0.93      0.88      0.90        16
       maize       1.00      1.00      1.00        21
       mango       1.00      1.00      1.00        24
   mothbeans       0.87      1.00      0.93        13
    mungbean       1.00      1.00      1.00        25
   muskmelon       1.00      1.00      1.00        21
      orange       1.00      1.00      1.00        23
      papaya       1.00      1.00      1.00        12
  pigeonpeas       1.00      1.00      1.00        14
 pomegranate       1.00      1.00      1.00        16
        rice       1.00      0.86      0.92        21
  watermelon       1.00      1.00      1.00        18

    accuracy                           0.98       370
   macro avg       0.98      0.98      0.98       370
weighted avg       0.99      0.98      0.98       370

2025-01-17 18:22:29,879 - INFO - GradientBoosting Model Performance:
2025-01-17 18:22:29,880 - INFO - Confusion Matrix:
[[24  0  0  0  0  0  0  0  0  0  0  0  0  0  0  0  0  0  0  0]
 [ 0 17  0  0  0  0  0  0  0  0  0  0  0  0  0  0  0  0  0  0]
 [ 0  0 17  0  0  0  0  0  0  0  0  0  0  0  0  0  0  0  0  0]
 [ 0  0  0 16  0  0  0  0  0  0  0  0  0  0  0  0  0  0  0  0]
 [ 0  0  0  0 18  0  0  0  0  0  0  0  0  0  0  0  0  0  0  0]
 [ 0  0  0  0  0 16  0  0  0  0  0  0  0  0  0  0  0  0  0  0]
 [ 0  0  0  0  0  0 18  0  0  0  0  0  0  0  0  0  0  0  0  0]
 [ 0  0  0  0  0  0  0 20  0  0  0  0  0  0  0  0  0  0  0  0]
 [ 0  0  0  0  0  0  0  0 15  0  0  1  0  0  0  0  0  0  0  0]
 [ 0  0  0  0  0  0  0  0  0 21  0  0  0  0  0  0  0  0  0  0]
 [ 0  0  0  0  0  0  0  0  0  0 24  0  0  0  0  0  0  0  0  0]
 [ 0  0  0  0  0  0  0  0  0  0  0 13  0  0  0  0  0  0  0  0]
 [ 0  0  0  0  0  0  0  0  0  0  0  0 25  0  0  0  0  0  0  0]
 [ 0  0  0  0  0  0  0  0  0  0  0  0  0 21  0  0  0  0  0  0]
 [ 0  0  0  0  0  0  0  0  0  0  0  0  0  0 23  0  0  0  0  0]
 [ 0  0  0  0  0  0  0  0  0  0  0  0  0  0  0 11  0  1  0  0]
 [ 0  0  0  0  0  0  0  0  0  0  0  0  0  0  0  0 14  0  0  0]
 [ 0  0  0  0  0  0  0  0  0  0  0  0  0  0  0  0  0 16  0  0]
 [ 0  0  0  0  0  0  0  0  0  0  0  0  0  0  0  0  0  0 21  0]
 [ 0  0  0  0  0  0  0  0  0  0  0  0  0  0  0  0  0  0  0 18]]
2025-01-17 18:22:29,887 - INFO - Classification Report:
              precision    recall  f1-score   support

      banana       1.00      1.00      1.00        24
   blackgram       1.00      1.00      1.00        17
    chickpea       1.00      1.00      1.00        17
     coconut       1.00      1.00      1.00        16
      coffee       1.00      1.00      1.00        18
      cotton       1.00      1.00      1.00        16
        jute       1.00      1.00      1.00        18
 kidneybeans       1.00      1.00      1.00        20
      lentil       1.00      0.94      0.97        16
       maize       1.00      1.00      1.00        21
       mango       1.00      1.00      1.00        24
   mothbeans       0.93      1.00      0.96        13
    mungbean       1.00      1.00      1.00        25
   muskmelon       1.00      1.00      1.00        21
      orange       1.00      1.00      1.00        23
      papaya       1.00      0.92      0.96        12
  pigeonpeas       1.00      1.00      1.00        14
 pomegranate       0.94      1.00      0.97        16
        rice       1.00      1.00      1.00        21
  watermelon       1.00      1.00      1.00        18

    accuracy                           0.99       370
   macro avg       0.99      0.99      0.99       370
weighted avg       0.99      0.99      0.99       370

2025-01-17 18:22:29,888 - INFO - Model Performance Summary:
2025-01-17 18:22:29,895 - INFO -                Model  CV Mean Accuracy  CV Std Dev  Test Accuracy  Precision    Recall  F1 Score
0                 LR          0.970238    0.011603       0.959459   0.961418  0.959459  0.959430
1                LDA          0.964286    0.012766       0.967568   0.970026  0.967568  0.967580
2                KNN          0.974405    0.012500       0.972973   0.974190  0.972973  0.972893
3               CART          0.986905    0.007435       0.994595   0.995135  0.994595  0.994602
4                 NB          0.989286    0.007435       0.989189   0.990450  0.989189  0.989209
5                SVM          0.981548    0.008605       0.981081   0.982381  0.981081  0.980983
6                 RF          0.995238    0.005189       0.991892   0.992625  0.991892  0.991905
7           AdaBoost          0.277381    0.072031       0.464865   0.366403  0.464865  0.388189
8            Bagging          0.991667    0.008074       0.994595   0.995135  0.994595  0.994602
9         ExtraTrees          0.993452    0.007266       0.983784   0.985483  0.983784  0.983805
10  GradientBoosting          0.986905    0.005832       0.994595   0.994947  0.994595  0.994583
2025-01-17 18:28:27,449 - INFO - Column names: Index(['N', 'P', 'K', 'temperature', 'humidity', 'ph', 'rainfall', 'label'], dtype='object')
2025-01-17 18:28:27,451 - INFO - Unique values in 'label' column: ['rice' 'maize' 'chickpea' 'kidneybeans' 'pigeonpeas' 'mothbeans'
 'mungbean' 'blackgram' 'lentil' 'pomegranate' 'banana' 'mango' 'grapes'
 'watermelon' 'muskmelon' 'apple' 'orange' 'papaya' 'coconut' 'cotton'
 'jute' 'coffee']
2025-01-17 18:28:28,071 - INFO - LR Model Performance:
2025-01-17 18:28:28,072 - INFO - Confusion Matrix:
[[24  0  0  0  0  0  0  0  0  0  0  0  0  0  0  0  0  0  0  0]
 [ 0 15  0  0  0  0  0  0  2  0  0  0  0  0  0  0  0  0  0  0]
 [ 0  0 17  0  0  0  0  0  0  0  0  0  0  0  0  0  0  0  0  0]
 [ 0  0  0 16  0  0  0  0  0  0  0  0  0  0  0  0  0  0  0  0]
 [ 0  0  0  0 18  0  0  0  0  0  0  0  0  0  0  0  0  0  0  0]
 [ 0  0  0  0  0 15  0  0  0  1  0  0  0  0  0  0  0  0  0  0]
 [ 0  0  0  0  1  0 17  0  0  0  0  0  0  0  0  0  0  0  0  0]
 [ 0  0  0  0  0  0  0 19  0  0  0  0  0  0  0  0  1  0  0  0]
 [ 0  1  0  0  0  0  0  0 13  0  0  2  0  0  0  0  0  0  0  0]
 [ 0  1  0  0  0  0  0  0  0 20  0  0  0  0  0  0  0  0  0  0]
 [ 0  0  0  0  0  0  0  0  0  0 24  0  0  0  0  0  0  0  0  0]
 [ 0  0  0  0  0  0  0  0  0  1  0 12  0  0  0  0  0  0  0  0]
 [ 0  0  0  0  0  0  0  0  0  0  0  0 25  0  0  0  0  0  0  0]
 [ 0  0  0  0  0  0  0  0  0  0  0  0  0 21  0  0  0  0  0  0]
 [ 0  0  0  0  0  0  0  0  0  0  0  0  0  0 23  0  0  0  0  0]
 [ 0  0  0  0  0  0  0  0  0  0  0  0  0  0  0 12  0  0  0  0]
 [ 0  0  0  0  0  0  0  1  0  0  0  0  0  0  0  0 13  0  0  0]
 [ 0  0  0  0  0  0  0  0  0  0  0  0  0  0  0  0  0 16  0  0]
 [ 0  0  0  0  0  0  4  0  0  0  0  0  0  0  0  0  0  0 17  0]
 [ 0  0  0  0  0  0  0  0  0  0  0  0  0  0  0  0  0  0  0 18]]
2025-01-17 18:28:28,080 - INFO - Classification Report:
              precision    recall  f1-score   support

      banana       1.00      1.00      1.00        24
   blackgram       0.88      0.88      0.88        17
    chickpea       1.00      1.00      1.00        17
     coconut       1.00      1.00      1.00        16
      coffee       0.95      1.00      0.97        18
      cotton       1.00      0.94      0.97        16
        jute       0.81      0.94      0.87        18
 kidneybeans       0.95      0.95      0.95        20
      lentil       0.87      0.81      0.84        16
       maize       0.91      0.95      0.93        21
       mango       1.00      1.00      1.00        24
   mothbeans       0.86      0.92      0.89        13
    mungbean       1.00      1.00      1.00        25
   muskmelon       1.00      1.00      1.00        21
      orange       1.00      1.00      1.00        23
      papaya       1.00      1.00      1.00        12
  pigeonpeas       0.93      0.93      0.93        14
 pomegranate       1.00      1.00      1.00        16
        rice       1.00      0.81      0.89        21
  watermelon       1.00      1.00      1.00        18

    accuracy                           0.96       370
   macro avg       0.96      0.96      0.96       370
weighted avg       0.96      0.96      0.96       370

2025-01-17 18:28:28,192 - INFO - LDA Model Performance:
2025-01-17 18:28:28,194 - INFO - Confusion Matrix:
[[24  0  0  0  0  0  0  0  0  0  0  0  0  0  0  0  0  0  0  0]
 [ 0 16  0  0  0  0  0  0  1  0  0  0  0  0  0  0  0  0  0  0]
 [ 0  0 17  0  0  0  0  0  0  0  0  0  0  0  0  0  0  0  0  0]
 [ 0  0  0 16  0  0  0  0  0  0  0  0  0  0  0  0  0  0  0  0]
 [ 0  0  0  0 18  0  0  0  0  0  0  0  0  0  0  0  0  0  0  0]
 [ 0  0  0  0  0 16  0  0  0  0  0  0  0  0  0  0  0  0  0  0]
 [ 0  0  0  0  0  0 17  0  0  0  0  0  0  0  0  0  0  0  1  0]
 [ 0  0  0  0  0  0  0 20  0  0  0  0  0  0  0  0  0  0  0  0]
 [ 0  2  0  0  0  0  0  0 13  0  0  1  0  0  0  0  0  0  0  0]
 [ 0  0  0  0  0  0  0  0  0 21  0  0  0  0  0  0  0  0  0  0]
 [ 0  0  0  0  0  0  0  0  0  0 24  0  0  0  0  0  0  0  0  0]
 [ 0  1  0  0  0  0  0  0  0  0  0 12  0  0  0  0  0  0  0  0]
 [ 0  0  0  0  0  0  0  0  0  0  0  0 25  0  0  0  0  0  0  0]
 [ 0  0  0  0  0  0  0  0  0  0  0  0  0 21  0  0  0  0  0  0]
 [ 0  0  0  0  0  0  0  0  0  0  0  0  0  0 23  0  0  0  0  0]
 [ 0  0  0  0  0  0  0  0  0  0  0  0  0  0  0 12  0  0  0  0]
 [ 0  1  0  0  0  0  0  1  0  0  0  0  0  0  0  0 12  0  0  0]
 [ 0  0  0  0  0  0  0  0  0  0  0  0  0  0  0  0  0 16  0  0]
 [ 0  0  0  0  0  0  4  0  0  0  0  0  0  0  0  0  0  0 17  0]
 [ 0  0  0  0  0  0  0  0  0  0  0  0  0  0  0  0  0  0  0 18]]
2025-01-17 18:28:28,207 - INFO - Classification Report:
              precision    recall  f1-score   support

      banana       1.00      1.00      1.00        24
   blackgram       0.80      0.94      0.86        17
    chickpea       1.00      1.00      1.00        17
     coconut       1.00      1.00      1.00        16
      coffee       1.00      1.00      1.00        18
      cotton       1.00      1.00      1.00        16
        jute       0.81      0.94      0.87        18
 kidneybeans       0.95      1.00      0.98        20
      lentil       0.93      0.81      0.87        16
       maize       1.00      1.00      1.00        21
       mango       1.00      1.00      1.00        24
   mothbeans       0.92      0.92      0.92        13
    mungbean       1.00      1.00      1.00        25
   muskmelon       1.00      1.00      1.00        21
      orange       1.00      1.00      1.00        23
      papaya       1.00      1.00      1.00        12
  pigeonpeas       1.00      0.86      0.92        14
 pomegranate       1.00      1.00      1.00        16
        rice       0.94      0.81      0.87        21
  watermelon       1.00      1.00      1.00        18

    accuracy                           0.97       370
   macro avg       0.97      0.96      0.96       370
weighted avg       0.97      0.97      0.97       370

2025-01-17 18:28:28,463 - INFO - KNN Model Performance:
2025-01-17 18:28:28,464 - INFO - Confusion Matrix:
[[24  0  0  0  0  0  0  0  0  0  0  0  0  0  0  0  0  0  0  0]
 [ 0 16  0  0  0  0  0  0  1  0  0  0  0  0  0  0  0  0  0  0]
 [ 0  0 17  0  0  0  0  0  0  0  0  0  0  0  0  0  0  0  0  0]
 [ 0  0  0 16  0  0  0  0  0  0  0  0  0  0  0  0  0  0  0  0]
 [ 0  0  0  0 18  0  0  0  0  0  0  0  0  0  0  0  0  0  0  0]
 [ 0  0  0  0  0 16  0  0  0  0  0  0  0  0  0  0  0  0  0  0]
 [ 0  0  0  0  0  0 15  0  0  0  0  0  0  0  0  0  0  0  3  0]
 [ 0  0  0  0  0  0  0 20  0  0  0  0  0  0  0  0  0  0  0  0]
 [ 0  2  0  0  0  0  0  0 14  0  0  0  0  0  0  0  0  0  0  0]
 [ 0  0  0  0  0  2  0  0  0 19  0  0  0  0  0  0  0  0  0  0]
 [ 0  0  0  0  0  0  0  0  0  0 24  0  0  0  0  0  0  0  0  0]
 [ 0  0  0  0  0  0  0  0  0  0  0 13  0  0  0  0  0  0  0  0]
 [ 0  0  0  0  0  0  0  0  0  0  0  0 25  0  0  0  0  0  0  0]
 [ 0  0  0  0  0  0  0  0  0  0  0  0  0 21  0  0  0  0  0  0]
 [ 0  0  0  0  0  0  0  0  0  0  0  0  0  0 23  0  0  0  0  0]
 [ 0  0  0  0  0  0  0  0  0  0  0  0  0  0  0 12  0  0  0  0]
 [ 0  0  0  0  0  0  0  1  0  0  0  0  0  0  0  0 13  0  0  0]
 [ 0  0  0  0  0  0  0  0  0  0  0  0  0  0  0  0  0 16  0  0]
 [ 0  0  0  0  0  0  1  0  0  0  0  0  0  0  0  0  0  0 20  0]
 [ 0  0  0  0  0  0  0  0  0  0  0  0  0  0  0  0  0  0  0 18]]
2025-01-17 18:28:28,473 - INFO - Classification Report:
              precision    recall  f1-score   support

      banana       1.00      1.00      1.00        24
   blackgram       0.89      0.94      0.91        17
    chickpea       1.00      1.00      1.00        17
     coconut       1.00      1.00      1.00        16
      coffee       1.00      1.00      1.00        18
      cotton       0.89      1.00      0.94        16
        jute       0.94      0.83      0.88        18
 kidneybeans       0.95      1.00      0.98        20
      lentil       0.93      0.88      0.90        16
       maize       1.00      0.90      0.95        21
       mango       1.00      1.00      1.00        24
   mothbeans       1.00      1.00      1.00        13
    mungbean       1.00      1.00      1.00        25
   muskmelon       1.00      1.00      1.00        21
      orange       1.00      1.00      1.00        23
      papaya       1.00      1.00      1.00        12
  pigeonpeas       1.00      0.93      0.96        14
 pomegranate       1.00      1.00      1.00        16
        rice       0.87      0.95      0.91        21
  watermelon       1.00      1.00      1.00        18

    accuracy                           0.97       370
   macro avg       0.97      0.97      0.97       370
weighted avg       0.97      0.97      0.97       370

2025-01-17 18:28:28,685 - INFO - CART Model Performance:
2025-01-17 18:28:28,686 - INFO - Confusion Matrix:
[[24  0  0  0  0  0  0  0  0  0  0  0  0  0  0  0  0  0  0  0]
 [ 0 17  0  0  0  0  0  0  0  0  0  0  0  0  0  0  0  0  0  0]
 [ 0  0 17  0  0  0  0  0  0  0  0  0  0  0  0  0  0  0  0  0]
 [ 0  0  0 16  0  0  0  0  0  0  0  0  0  0  0  0  0  0  0  0]
 [ 0  0  0  0 18  0  0  0  0  0  0  0  0  0  0  0  0  0  0  0]
 [ 0  0  0  0  0 16  0  0  0  0  0  0  0  0  0  0  0  0  0  0]
 [ 0  0  0  0  0  0 18  0  0  0  0  0  0  0  0  0  0  0  0  0]
 [ 0  0  0  0  0  0  0 20  0  0  0  0  0  0  0  0  0  0  0  0]
 [ 0  0  0  0  0  0  0  0 16  0  0  0  0  0  0  0  0  0  0  0]
 [ 0  0  0  0  0  0  0  0  0 21  0  0  0  0  0  0  0  0  0  0]
 [ 0  0  0  0  0  0  0  0  0  0 24  0  0  0  0  0  0  0  0  0]
 [ 0  0  0  0  0  0  0  0  0  0  0 13  0  0  0  0  0  0  0  0]
 [ 0  0  0  0  0  0  0  0  0  0  0  0 25  0  0  0  0  0  0  0]
 [ 0  0  0  0  0  0  0  0  0  0  0  0  0 21  0  0  0  0  0  0]
 [ 0  0  0  0  0  0  0  0  0  0  0  0  0  0 23  0  0  0  0  0]
 [ 0  0  0  0  0  0  0  0  0  0  0  0  0  0  0 12  0  0  0  0]
 [ 0  0  0  0  0  0  0  0  0  0  0  0  0  0  0  0 14  0  0  0]
 [ 0  0  0  0  0  0  0  0  0  0  0  0  0  0  0  0  0 16  0  0]
 [ 0  0  0  0  0  0  2  0  0  0  0  0  0  0  0  0  0  0 19  0]
 [ 0  0  0  0  0  0  0  0  0  0  0  0  0  0  0  0  0  0  0 18]]
2025-01-17 18:28:28,695 - INFO - Classification Report:
              precision    recall  f1-score   support

      banana       1.00      1.00      1.00        24
   blackgram       1.00      1.00      1.00        17
    chickpea       1.00      1.00      1.00        17
     coconut       1.00      1.00      1.00        16
      coffee       1.00      1.00      1.00        18
      cotton       1.00      1.00      1.00        16
        jute       0.90      1.00      0.95        18
 kidneybeans       1.00      1.00      1.00        20
      lentil       1.00      1.00      1.00        16
       maize       1.00      1.00      1.00        21
       mango       1.00      1.00      1.00        24
   mothbeans       1.00      1.00      1.00        13
    mungbean       1.00      1.00      1.00        25
   muskmelon       1.00      1.00      1.00        21
      orange       1.00      1.00      1.00        23
      papaya       1.00      1.00      1.00        12
  pigeonpeas       1.00      1.00      1.00        14
 pomegranate       1.00      1.00      1.00        16
        rice       1.00      0.90      0.95        21
  watermelon       1.00      1.00      1.00        18

    accuracy                           0.99       370
   macro avg       0.99      1.00      0.99       370
weighted avg       1.00      0.99      0.99       370

2025-01-17 18:28:28,825 - INFO - NB Model Performance:
2025-01-17 18:28:28,826 - INFO - Confusion Matrix:
[[24  0  0  0  0  0  0  0  0  0  0  0  0  0  0  0  0  0  0  0]
 [ 0 17  0  0  0  0  0  0  0  0  0  0  0  0  0  0  0  0  0  0]
 [ 0  0 17  0  0  0  0  0  0  0  0  0  0  0  0  0  0  0  0  0]
 [ 0  0  0 16  0  0  0  0  0  0  0  0  0  0  0  0  0  0  0  0]
 [ 0  0  0  0 18  0  0  0  0  0  0  0  0  0  0  0  0  0  0  0]
 [ 0  0  0  0  0 16  0  0  0  0  0  0  0  0  0  0  0  0  0  0]
 [ 0  0  0  0  0  0 18  0  0  0  0  0  0  0  0  0  0  0  0  0]
 [ 0  0  0  0  0  0  0 20  0  0  0  0  0  0  0  0  0  0  0  0]
 [ 0  0  0  0  0  0  0  0 14  0  0  2  0  0  0  0  0  0  0  0]
 [ 0  0  0  0  0  0  0  0  0 21  0  0  0  0  0  0  0  0  0  0]
 [ 0  0  0  0  0  0  0  0  0  0 24  0  0  0  0  0  0  0  0  0]
 [ 0  0  0  0  0  0  0  0  0  0  0 13  0  0  0  0  0  0  0  0]
 [ 0  0  0  0  0  0  0  0  0  0  0  0 25  0  0  0  0  0  0  0]
 [ 0  0  0  0  0  0  0  0  0  0  0  0  0 21  0  0  0  0  0  0]
 [ 0  0  0  0  0  0  0  0  0  0  0  0  0  0 23  0  0  0  0  0]
 [ 0  0  0  0  0  0  0  0  0  0  0  0  0  0  0 12  0  0  0  0]
 [ 0  0  0  0  0  0  0  0  0  0  0  0  0  0  0  0 14  0  0  0]
 [ 0  0  0  0  0  0  0  0  0  0  0  0  0  0  0  0  0 16  0  0]
 [ 0  0  0  0  0  0  2  0  0  0  0  0  0  0  0  0  0  0 19  0]
 [ 0  0  0  0  0  0  0  0  0  0  0  0  0  0  0  0  0  0  0 18]]
2025-01-17 18:28:28,833 - INFO - Classification Report:
              precision    recall  f1-score   support

      banana       1.00      1.00      1.00        24
   blackgram       1.00      1.00      1.00        17
    chickpea       1.00      1.00      1.00        17
     coconut       1.00      1.00      1.00        16
      coffee       1.00      1.00      1.00        18
      cotton       1.00      1.00      1.00        16
        jute       0.90      1.00      0.95        18
 kidneybeans       1.00      1.00      1.00        20
      lentil       1.00      0.88      0.93        16
       maize       1.00      1.00      1.00        21
       mango       1.00      1.00      1.00        24
   mothbeans       0.87      1.00      0.93        13
    mungbean       1.00      1.00      1.00        25
   muskmelon       1.00      1.00      1.00        21
      orange       1.00      1.00      1.00        23
      papaya       1.00      1.00      1.00        12
  pigeonpeas       1.00      1.00      1.00        14
 pomegranate       1.00      1.00      1.00        16
        rice       1.00      0.90      0.95        21
  watermelon       1.00      1.00      1.00        18

    accuracy                           0.99       370
   macro avg       0.99      0.99      0.99       370
weighted avg       0.99      0.99      0.99       370

2025-01-17 18:28:33,177 - INFO - SVM Model Performance:
2025-01-17 18:28:33,179 - INFO - Confusion Matrix:
[[24  0  0  0  0  0  0  0  0  0  0  0  0  0  0  0  0  0  0  0]
 [ 0 16  0  0  0  0  0  0  1  0  0  0  0  0  0  0  0  0  0  0]
 [ 0  0 17  0  0  0  0  0  0  0  0  0  0  0  0  0  0  0  0  0]
 [ 0  0  0 16  0  0  0  0  0  0  0  0  0  0  0  0  0  0  0  0]
 [ 0  0  0  0 18  0  0  0  0  0  0  0  0  0  0  0  0  0  0  0]
 [ 0  0  0  0  0 16  0  0  0  0  0  0  0  0  0  0  0  0  0  0]
 [ 0  0  0  0  0  0 18  0  0  0  0  0  0  0  0  0  0  0  0  0]
 [ 0  0  0  0  0  0  0 20  0  0  0  0  0  0  0  0  0  0  0  0]
 [ 0  1  0  0  0  0  0  0 14  0  0  1  0  0  0  0  0  0  0  0]
 [ 0  0  0  0  0  0  0  0  0 21  0  0  0  0  0  0  0  0  0  0]
 [ 0  0  0  0  0  0  0  0  0  0 24  0  0  0  0  0  0  0  0  0]
 [ 0  0  0  0  0  0  0  0  0  0  0 13  0  0  0  0  0  0  0  0]
 [ 0  0  0  0  0  0  0  0  0  0  0  0 25  0  0  0  0  0  0  0]
 [ 0  0  0  0  0  0  0  0  0  0  0  0  0 21  0  0  0  0  0  0]
 [ 0  0  0  0  0  0  0  0  0  0  0  0  0  0 23  0  0  0  0  0]
 [ 0  0  0  0  0  0  0  0  0  0  0  0  0  0  0 12  0  0  0  0]
 [ 0  0  0  0  0  0  0  1  0  0  0  0  0  0  0  0 13  0  0  0]
 [ 0  0  0  0  0  0  0  0  0  0  0  0  0  0  0  0  0 16  0  0]
 [ 0  0  0  0  0  0  3  0  0  0  0  0  0  0  0  0  0  0 18  0]
 [ 0  0  0  0  0  0  0  0  0  0  0  0  0  0  0  0  0  0  0 18]]
2025-01-17 18:28:33,205 - INFO - Classification Report:
              precision    recall  f1-score   support

      banana       1.00      1.00      1.00        24
   blackgram       0.94      0.94      0.94        17
    chickpea       1.00      1.00      1.00        17
     coconut       1.00      1.00      1.00        16
      coffee       1.00      1.00      1.00        18
      cotton       1.00      1.00      1.00        16
        jute       0.86      1.00      0.92        18
 kidneybeans       0.95      1.00      0.98        20
      lentil       0.93      0.88      0.90        16
       maize       1.00      1.00      1.00        21
       mango       1.00      1.00      1.00        24
   mothbeans       0.93      1.00      0.96        13
    mungbean       1.00      1.00      1.00        25
   muskmelon       1.00      1.00      1.00        21
      orange       1.00      1.00      1.00        23
      papaya       1.00      1.00      1.00        12
  pigeonpeas       1.00      0.93      0.96        14
 pomegranate       1.00      1.00      1.00        16
        rice       1.00      0.86      0.92        21
  watermelon       1.00      1.00      1.00        18

    accuracy                           0.98       370
   macro avg       0.98      0.98      0.98       370
weighted avg       0.98      0.98      0.98       370

2025-01-17 18:28:42,801 - INFO - RF Model Performance:
2025-01-17 18:28:42,803 - INFO - Confusion Matrix:
[[24  0  0  0  0  0  0  0  0  0  0  0  0  0  0  0  0  0  0  0]
 [ 0 17  0  0  0  0  0  0  0  0  0  0  0  0  0  0  0  0  0  0]
 [ 0  0 17  0  0  0  0  0  0  0  0  0  0  0  0  0  0  0  0  0]
 [ 0  0  0 16  0  0  0  0  0  0  0  0  0  0  0  0  0  0  0  0]
 [ 0  0  0  0 18  0  0  0  0  0  0  0  0  0  0  0  0  0  0  0]
 [ 0  0  0  0  0 16  0  0  0  0  0  0  0  0  0  0  0  0  0  0]
 [ 0  0  0  0  0  0 18  0  0  0  0  0  0  0  0  0  0  0  0  0]
 [ 0  0  0  0  0  0  0 20  0  0  0  0  0  0  0  0  0  0  0  0]
 [ 0  0  0  0  0  0  0  0 15  0  0  1  0  0  0  0  0  0  0  0]
 [ 0  0  0  0  0  0  0  0  0 21  0  0  0  0  0  0  0  0  0  0]
 [ 0  0  0  0  0  0  0  0  0  0 24  0  0  0  0  0  0  0  0  0]
 [ 0  0  0  0  0  0  0  0  0  0  0 13  0  0  0  0  0  0  0  0]
 [ 0  0  0  0  0  0  0  0  0  0  0  0 25  0  0  0  0  0  0  0]
 [ 0  0  0  0  0  0  0  0  0  0  0  0  0 21  0  0  0  0  0  0]
 [ 0  0  0  0  0  0  0  0  0  0  0  0  0  0 23  0  0  0  0  0]
 [ 0  0  0  0  0  0  0  0  0  0  0  0  0  0  0 12  0  0  0  0]
 [ 0  0  0  0  0  0  0  0  0  0  0  0  0  0  0  0 14  0  0  0]
 [ 0  0  0  0  0  0  0  0  0  0  0  0  0  0  0  0  0 16  0  0]
 [ 0  0  0  0  0  0  2  0  0  0  0  0  0  0  0  0  0  0 19  0]
 [ 0  0  0  0  0  0  0  0  0  0  0  0  0  0  0  0  0  0  0 18]]
2025-01-17 18:28:42,827 - INFO - Classification Report:
              precision    recall  f1-score   support

      banana       1.00      1.00      1.00        24
   blackgram       1.00      1.00      1.00        17
    chickpea       1.00      1.00      1.00        17
     coconut       1.00      1.00      1.00        16
      coffee       1.00      1.00      1.00        18
      cotton       1.00      1.00      1.00        16
        jute       0.90      1.00      0.95        18
 kidneybeans       1.00      1.00      1.00        20
      lentil       1.00      0.94      0.97        16
       maize       1.00      1.00      1.00        21
       mango       1.00      1.00      1.00        24
   mothbeans       0.93      1.00      0.96        13
    mungbean       1.00      1.00      1.00        25
   muskmelon       1.00      1.00      1.00        21
      orange       1.00      1.00      1.00        23
      papaya       1.00      1.00      1.00        12
  pigeonpeas       1.00      1.00      1.00        14
 pomegranate       1.00      1.00      1.00        16
        rice       1.00      0.90      0.95        21
  watermelon       1.00      1.00      1.00        18

    accuracy                           0.99       370
   macro avg       0.99      0.99      0.99       370
weighted avg       0.99      0.99      0.99       370

2025-01-17 18:28:49,263 - INFO - AdaBoost Model Performance:
2025-01-17 18:28:49,263 - INFO - Confusion Matrix:
[[ 0  0  0  0  0  0 24  0  0  0  0  0  0  0  0  0  0  0  0  0]
 [ 0  0  0  0  0  0  0  0  0  0  0 17  0  0  0  0  0  0  0  0]
 [ 0  0 17  0  0  0  0  0  0  0  0  0  0  0  0  0  0  0  0  0]
 [ 0  0  0  0  0  0 16  0  0  0  0  0  0  0  0  0  0  0  0  0]
 [ 0  0  0  0  0  0  0  0  0 18  0  0  0  0  0  0  0  0  0  0]
 [ 0  0  0  0  0 16  0  0  0  0  0  0  0  0  0  0  0  0  0  0]
 [ 0  0  0  0  0  0 11  0  0  3  0  0  0  0  0  0  0  0  4  0]
 [ 0  0  0  0  0  0  0  0  0  0  0 20  0  0  0  0  0  0  0  0]
 [ 0  0  0  0  0  0  0  0  0  0  0 16  0  0  0  0  0  0  0  0]
 [ 0  0  0  0  0  0  0  0  0 21  0  0  0  0  0  0  0  0  0  0]
 [ 0  0  0  0  0  0  0  0  0  1  0 23  0  0  0  0  0  0  0  0]
 [ 0  0  0  0  0  0  0  0  0  0  0 13  0  0  0  0  0  0  0  0]
 [ 0  0  0  0  0  0  0  0  0  0  0  0 25  0  0  0  0  0  0  0]
 [ 0  0  0  0  0  0  0  0  0  0  0  0  0 21  0  0  0  0  0  0]
 [ 0  0  0  0  0  5  0  0  0  0  0  0  0  0 18  0  0  0  0  0]
 [ 0  0  0  0  0  0  0  0  0  0  0  0  0  0  0 11  0  0  1  0]
 [ 0  0  0  0  0  0  0  0  0  0  0 14  0  0  0  0  0  0  0  0]
 [ 0  0  0  0  0  0  6  0  0  0  0  0  0  0  0 10  0  0  0  0]
 [ 0  0  0  0  0  0  2  0  0  0  0  0  0  0  0  0  0  0 19  0]
 [ 0  0  0  0  0  0 18  0  0  0  0  0  0  0  0  0  0  0  0  0]]
2025-01-17 18:28:49,288 - INFO - Classification Report:
              precision    recall  f1-score   support

      banana       0.00      0.00      0.00        24
   blackgram       0.00      0.00      0.00        17
    chickpea       1.00      1.00      1.00        17
     coconut       0.00      0.00      0.00        16
      coffee       0.00      0.00      0.00        18
      cotton       0.76      1.00      0.86        16
        jute       0.14      0.61      0.23        18
 kidneybeans       0.00      0.00      0.00        20
      lentil       0.00      0.00      0.00        16
       maize       0.49      1.00      0.66        21
       mango       0.00      0.00      0.00        24
   mothbeans       0.13      1.00      0.22        13
    mungbean       1.00      1.00      1.00        25
   muskmelon       1.00      1.00      1.00        21
      orange       1.00      0.78      0.88        23
      papaya       0.52      0.92      0.67        12
  pigeonpeas       0.00      0.00      0.00        14
 pomegranate       0.00      0.00      0.00        16
        rice       0.79      0.90      0.84        21
  watermelon       0.00      0.00      0.00        18

    accuracy                           0.46       370
   macro avg       0.34      0.46      0.37       370
weighted avg       0.37      0.46      0.39       370

2025-01-17 18:28:51,653 - INFO - Bagging Model Performance:
2025-01-17 18:28:51,660 - INFO - Confusion Matrix:
[[24  0  0  0  0  0  0  0  0  0  0  0  0  0  0  0  0  0  0  0]
 [ 0 17  0  0  0  0  0  0  0  0  0  0  0  0  0  0  0  0  0  0]
 [ 0  0 17  0  0  0  0  0  0  0  0  0  0  0  0  0  0  0  0  0]
 [ 0  0  0 16  0  0  0  0  0  0  0  0  0  0  0  0  0  0  0  0]
 [ 0  0  0  0 18  0  0  0  0  0  0  0  0  0  0  0  0  0  0  0]
 [ 0  0  0  0  0 16  0  0  0  0  0  0  0  0  0  0  0  0  0  0]
 [ 0  0  0  0  0  0 18  0  0  0  0  0  0  0  0  0  0  0  0  0]
 [ 0  0  0  0  0  0  0 20  0  0  0  0  0  0  0  0  0  0  0  0]
 [ 0  0  0  0  0  0  0  0 16  0  0  0  0  0  0  0  0  0  0  0]
 [ 0  0  0  0  0  0  0  0  0 21  0  0  0  0  0  0  0  0  0  0]
 [ 0  0  0  0  0  0  0  0  0  0 24  0  0  0  0  0  0  0  0  0]
 [ 0  0  0  0  0  0  0  0  0  0  0 13  0  0  0  0  0  0  0  0]
 [ 0  0  0  0  0  0  0  0  0  0  0  0 25  0  0  0  0  0  0  0]
 [ 0  0  0  0  0  0  0  0  0  0  0  0  0 21  0  0  0  0  0  0]
 [ 0  0  0  0  0  0  0  0  0  0  0  0  0  0 23  0  0  0  0  0]
 [ 0  0  0  0  0  0  0  0  0  0  0  0  0  0  0 12  0  0  0  0]
 [ 0  0  0  0  0  0  0  0  0  0  0  0  0  0  0  0 14  0  0  0]
 [ 0  0  0  0  0  0  0  0  0  0  0  0  0  0  0  0  0 16  0  0]
 [ 0  0  0  0  0  0  2  0  0  0  0  0  0  0  0  0  0  0 19  0]
 [ 0  0  0  0  0  0  0  0  0  0  0  0  0  0  0  0  0  0  0 18]]
2025-01-17 18:28:51,676 - INFO - Classification Report:
              precision    recall  f1-score   support

      banana       1.00      1.00      1.00        24
   blackgram       1.00      1.00      1.00        17
    chickpea       1.00      1.00      1.00        17
     coconut       1.00      1.00      1.00        16
      coffee       1.00      1.00      1.00        18
      cotton       1.00      1.00      1.00        16
        jute       0.90      1.00      0.95        18
 kidneybeans       1.00      1.00      1.00        20
      lentil       1.00      1.00      1.00        16
       maize       1.00      1.00      1.00        21
       mango       1.00      1.00      1.00        24
   mothbeans       1.00      1.00      1.00        13
    mungbean       1.00      1.00      1.00        25
   muskmelon       1.00      1.00      1.00        21
      orange       1.00      1.00      1.00        23
      papaya       1.00      1.00      1.00        12
  pigeonpeas       1.00      1.00      1.00        14
 pomegranate       1.00      1.00      1.00        16
        rice       1.00      0.90      0.95        21
  watermelon       1.00      1.00      1.00        18

    accuracy                           0.99       370
   macro avg       0.99      1.00      0.99       370
weighted avg       1.00      0.99      0.99       370

2025-01-17 18:28:56,392 - INFO - ExtraTrees Model Performance:
2025-01-17 18:28:56,400 - INFO - Confusion Matrix:
[[24  0  0  0  0  0  0  0  0  0  0  0  0  0  0  0  0  0  0  0]
 [ 0 17  0  0  0  0  0  0  0  0  0  0  0  0  0  0  0  0  0  0]
 [ 0  0 17  0  0  0  0  0  0  0  0  0  0  0  0  0  0  0  0  0]
 [ 0  0  0 16  0  0  0  0  0  0  0  0  0  0  0  0  0  0  0  0]
 [ 0  0  0  0 18  0  0  0  0  0  0  0  0  0  0  0  0  0  0  0]
 [ 0  0  0  0  0 16  0  0  0  0  0  0  0  0  0  0  0  0  0  0]
 [ 0  0  0  0  1  0 17  0  0  0  0  0  0  0  0  0  0  0  0  0]
 [ 0  0  0  0  0  0  0 20  0  0  0  0  0  0  0  0  0  0  0  0]
 [ 0  0  0  0  0  0  0  0 14  0  0  2  0  0  0  0  0  0  0  0]
 [ 0  0  0  0  0  0  0  0  0 21  0  0  0  0  0  0  0  0  0  0]
 [ 0  0  0  0  0  0  0  0  0  0 24  0  0  0  0  0  0  0  0  0]
 [ 0  0  0  0  0  0  0  0  0  0  0 13  0  0  0  0  0  0  0  0]
 [ 0  0  0  0  0  0  0  0  0  0  0  0 25  0  0  0  0  0  0  0]
 [ 0  0  0  0  0  0  0  0  0  0  0  0  0 21  0  0  0  0  0  0]
 [ 0  0  0  0  0  0  0  0  0  0  0  0  0  0 23  0  0  0  0  0]
 [ 0  0  0  0  0  0  0  0  0  0  0  0  0  0  0 12  0  0  0  0]
 [ 0  0  0  0  0  0  0  0  0  0  0  0  0  0  0  0 14  0  0  0]
 [ 0  0  0  0  0  0  0  0  0  0  0  0  0  0  0  0  0 16  0  0]
 [ 0  0  0  0  0  0  3  0  0  0  0  0  0  0  0  0  0  0 18  0]
 [ 0  0  0  0  0  0  0  0  0  0  0  0  0  0  0  0  0  0  0 18]]
2025-01-17 18:28:56,408 - INFO - Classification Report:
              precision    recall  f1-score   support

      banana       1.00      1.00      1.00        24
   blackgram       1.00      1.00      1.00        17
    chickpea       1.00      1.00      1.00        17
     coconut       1.00      1.00      1.00        16
      coffee       0.95      1.00      0.97        18
      cotton       1.00      1.00      1.00        16
        jute       0.85      0.94      0.89        18
 kidneybeans       1.00      1.00      1.00        20
      lentil       1.00      0.88      0.93        16
       maize       1.00      1.00      1.00        21
       mango       1.00      1.00      1.00        24
   mothbeans       0.87      1.00      0.93        13
    mungbean       1.00      1.00      1.00        25
   muskmelon       1.00      1.00      1.00        21
      orange       1.00      1.00      1.00        23
      papaya       1.00      1.00      1.00        12
  pigeonpeas       1.00      1.00      1.00        14
 pomegranate       1.00      1.00      1.00        16
        rice       1.00      0.86      0.92        21
  watermelon       1.00      1.00      1.00        18

    accuracy                           0.98       370
   macro avg       0.98      0.98      0.98       370
weighted avg       0.99      0.98      0.98       370

2025-01-17 18:32:48,909 - INFO - GradientBoosting Model Performance:
2025-01-17 18:32:48,912 - INFO - Confusion Matrix:
[[24  0  0  0  0  0  0  0  0  0  0  0  0  0  0  0  0  0  0  0]
 [ 0 17  0  0  0  0  0  0  0  0  0  0  0  0  0  0  0  0  0  0]
 [ 0  0 17  0  0  0  0  0  0  0  0  0  0  0  0  0  0  0  0  0]
 [ 0  0  0 16  0  0  0  0  0  0  0  0  0  0  0  0  0  0  0  0]
 [ 0  0  0  0 18  0  0  0  0  0  0  0  0  0  0  0  0  0  0  0]
 [ 0  0  0  0  0 16  0  0  0  0  0  0  0  0  0  0  0  0  0  0]
 [ 0  0  0  0  0  0 18  0  0  0  0  0  0  0  0  0  0  0  0  0]
 [ 0  0  0  0  0  0  0 20  0  0  0  0  0  0  0  0  0  0  0  0]
 [ 0  0  0  0  0  0  0  0 15  0  0  1  0  0  0  0  0  0  0  0]
 [ 0  0  0  0  0  0  0  0  0 21  0  0  0  0  0  0  0  0  0  0]
 [ 0  0  0  0  0  0  0  0  0  0 24  0  0  0  0  0  0  0  0  0]
 [ 0  0  0  0  0  0  0  0  0  0  0 13  0  0  0  0  0  0  0  0]
 [ 0  0  0  0  0  0  0  0  0  0  0  0 25  0  0  0  0  0  0  0]
 [ 0  0  0  0  0  0  0  0  0  0  0  0  0 21  0  0  0  0  0  0]
 [ 0  0  0  0  0  0  0  0  0  0  0  0  0  0 23  0  0  0  0  0]
 [ 0  0  0  0  0  0  0  0  0  0  0  0  0  0  0 11  0  1  0  0]
 [ 0  0  0  0  0  0  0  0  0  0  0  0  0  0  0  0 14  0  0  0]
 [ 0  0  0  0  0  0  0  0  0  0  0  0  0  0  0  0  0 16  0  0]
 [ 0  0  0  0  0  0  0  0  0  0  0  0  0  0  0  0  0  0 21  0]
 [ 0  0  0  0  0  0  0  0  0  0  0  0  0  0  0  0  0  0  0 18]]
2025-01-17 18:32:48,939 - INFO - Classification Report:
              precision    recall  f1-score   support

      banana       1.00      1.00      1.00        24
   blackgram       1.00      1.00      1.00        17
    chickpea       1.00      1.00      1.00        17
     coconut       1.00      1.00      1.00        16
      coffee       1.00      1.00      1.00        18
      cotton       1.00      1.00      1.00        16
        jute       1.00      1.00      1.00        18
 kidneybeans       1.00      1.00      1.00        20
      lentil       1.00      0.94      0.97        16
       maize       1.00      1.00      1.00        21
       mango       1.00      1.00      1.00        24
   mothbeans       0.93      1.00      0.96        13
    mungbean       1.00      1.00      1.00        25
   muskmelon       1.00      1.00      1.00        21
      orange       1.00      1.00      1.00        23
      papaya       1.00      0.92      0.96        12
  pigeonpeas       1.00      1.00      1.00        14
 pomegranate       0.94      1.00      0.97        16
        rice       1.00      1.00      1.00        21
  watermelon       1.00      1.00      1.00        18

    accuracy                           0.99       370
   macro avg       0.99      0.99      0.99       370
weighted avg       0.99      0.99      0.99       370

2025-01-17 18:32:48,939 - INFO - Model Performance Summary:
2025-01-17 18:32:48,948 - INFO -                Model  CV Mean Accuracy  CV Std Dev  Test Accuracy  Precision    Recall  F1 Score
0                 LR          0.970238    0.011603       0.959459   0.961418  0.959459  0.959430
1                LDA          0.964286    0.012766       0.967568   0.970026  0.967568  0.967580
2                KNN          0.974405    0.012500       0.972973   0.974190  0.972973  0.972893
3               CART          0.984524    0.009298       0.994595   0.995135  0.994595  0.994602
4                 NB          0.989286    0.007435       0.989189   0.990450  0.989189  0.989209
5                SVM          0.981548    0.008605       0.981081   0.982381  0.981081  0.980983
6                 RF          0.995238    0.005189       0.991892   0.992625  0.991892  0.991905
7           AdaBoost          0.277381    0.072031       0.464865   0.366403  0.464865  0.388189
8            Bagging          0.989286    0.005189       0.994595   0.995135  0.994595  0.994602
9         ExtraTrees          0.994048    0.005324       0.983784   0.985458  0.983784  0.983806
10  GradientBoosting          0.986310    0.005982       0.994595   0.994947  0.994595  0.994583
